24/02/2017 4:21:35 PM, Info: Initializing SIMPLSharp Services...
24/02/2017 4:21:35 PM, Info: ProjectInfo successfully initialized.
24/02/2017 4:21:35 PM, Info: Verifying archive C:\\Users\\mklucznyk\\Documents\\Visual Studio 2008\\Projects\\PhilipsHue\\PhilipsHue\\bin\PhilipsHue.clz...
24/02/2017 4:21:38 PM, Info: Saving project information...
24/02/2017 4:21:40 PM, Info: Verifying archive C:\\Users\\mklucznyk\\Documents\\Visual Studio 2008\\Projects\\PhilipsHue\\PhilipsHue\\bin\PhilipsHue.clz...
24/02/2017 4:21:40 PM, Info: Saving project information...
24/02/2017 4:21:41 PM, Info: Verifying archive C:\\Users\\mklucznyk\\Documents\\Visual Studio 2008\\Projects\\PhilipsHue\\PhilipsHue\\bin\PhilipsHue.clz...
24/02/2017 4:21:41 PM, Info: Saving project information...
24/02/2017 4:21:42 PM, Info: Commiting verification transaction...
24/02/2017 4:21:42 PM, Info: Saving project information...
24/02/2017 4:30:32 PM, Info: Initializing SIMPLSharp Services...
24/02/2017 4:30:32 PM, Info: ProjectInfo successfully initialized.
24/02/2017 4:30:32 PM, Info: Verifying archive C:\\Users\\mklucznyk\\Documents\\Visual Studio 2008\\Projects\\PhilipsHue\\PhilipsHue\\bin\PhilipsHue.clz...
24/02/2017 4:30:33 PM, Info: Saving project information...
24/02/2017 4:30:35 PM, Info: Verifying archive C:\\Users\\mklucznyk\\Documents\\Visual Studio 2008\\Projects\\PhilipsHue\\PhilipsHue\\bin\PhilipsHue.clz...
24/02/2017 4:30:35 PM, Info: Saving project information...
24/02/2017 4:30:36 PM, Info: Verifying archive C:\\Users\\mklucznyk\\Documents\\Visual Studio 2008\\Projects\\PhilipsHue\\PhilipsHue\\bin\PhilipsHue.clz...
24/02/2017 4:30:36 PM, Info: Saving project information...
24/02/2017 4:30:37 PM, Info: Commiting verification transaction...
24/02/2017 4:30:37 PM, Info: Saving project information...
24/02/2017 4:37:31 PM, Info: Initializing SIMPLSharp Services...
24/02/2017 4:37:31 PM, Info: ProjectInfo successfully initialized.
24/02/2017 4:37:31 PM, Info: Verifying archive C:\\Users\\mklucznyk\\Documents\\Visual Studio 2008\\Projects\\PhilipsHue\\PhilipsHue\\bin\PhilipsHue.clz...
24/02/2017 4:37:32 PM, Info: Saving project information...
24/02/2017 4:37:34 PM, Info: Verifying archive C:\\Users\\mklucznyk\\Documents\\Visual Studio 2008\\Projects\\PhilipsHue\\PhilipsHue\\bin\PhilipsHue.clz...
24/02/2017 4:37:34 PM, Info: Saving project information...
24/02/2017 4:37:34 PM, Info: Verifying archive C:\\Users\\mklucznyk\\Documents\\Visual Studio 2008\\Projects\\PhilipsHue\\PhilipsHue\\bin\PhilipsHue.clz...
24/02/2017 4:37:35 PM, Info: Saving project information...
24/02/2017 4:37:36 PM, Info: Commiting verification transaction...
24/02/2017 4:37:36 PM, Info: Saving project information...
24/02/2017 4:40:55 PM, Info: Initializing SIMPLSharp Services...
24/02/2017 4:40:55 PM, Info: ProjectInfo successfully initialized.
24/02/2017 4:40:55 PM, Info: Verifying archive C:\\Users\\mklucznyk\\Documents\\Visual Studio 2008\\Projects\\PhilipsHue\\PhilipsHue\\bin\PhilipsHue.clz...
24/02/2017 4:40:56 PM, Info: Saving project information...
24/02/2017 4:40:58 PM, Info: Commiting verification transaction...
24/02/2017 4:40:58 PM, Info: Saving project information...
24/02/2017 4:41:03 PM, Info: Initializing SIMPLSharp Services...
24/02/2017 4:41:03 PM, Info: ProjectInfo successfully initialized.
24/02/2017 4:41:03 PM, Info: Verifying archive C:\\Users\\mklucznyk\\Documents\\Visual Studio 2008\\Projects\\PhilipsHue\\PhilipsHue\\bin\PhilipsHue.clz...
24/02/2017 4:41:04 PM, Info: Saving project information...
24/02/2017 4:41:05 PM, Info: Verifying archive C:\\Users\\mklucznyk\\Documents\\Visual Studio 2008\\Projects\\PhilipsHue\\PhilipsHue\\bin\PhilipsHue.clz...
24/02/2017 4:41:06 PM, Info: Saving project information...
24/02/2017 4:41:06 PM, Info: Verifying archive C:\\Users\\mklucznyk\\Documents\\Visual Studio 2008\\Projects\\PhilipsHue\\PhilipsHue\\bin\PhilipsHue.clz...
24/02/2017 4:41:06 PM, Info: Saving project information...
24/02/2017 4:41:07 PM, Info: Commiting verification transaction...
24/02/2017 4:41:07 PM, Info: Saving project information...
24/02/2017 5:12:31 PM, Info: Terminating SIMPLSharp Services
24/02/2017 5:12:31 PM, Info: Saving project information...
24/02/2017 5:12:31 PM, Info: Terminating SIMPLSharp Services
24/02/2017 5:12:31 PM, Info: Saving project information...
24/02/2017 5:12:31 PM, Info: Terminating SIMPLSharp Services
24/02/2017 5:12:31 PM, Info: Saving project information...
24/02/2017 5:12:31 PM, Info: Terminating SIMPLSharp Services
24/02/2017 5:12:31 PM, Info: Saving project information...
24/02/2017 5:12:31 PM, Info: Terminating SIMPLSharp Services
