30/01/2017 5:51:35 PM, Info: Initializing SIMPLSharp Services...
30/01/2017 5:51:35 PM, Info: ProjectInfo successfully initialized.
30/01/2017 5:51:36 PM, Info: Verifying archive C:\\Users\\mklucznyk\\Documents\\Visual Studio 2008\\Projects\\PhilipsHue\\PhilipsHue\\bin\PhilipsHue.clz...
30/01/2017 5:51:37 PM, Info: Saving project information...
30/01/2017 5:51:38 PM, Info: Verifying archive C:\\Users\\mklucznyk\\Documents\\Visual Studio 2008\\Projects\\PhilipsHue\\PhilipsHue\\bin\PhilipsHue.clz...
30/01/2017 5:51:39 PM, Info: Saving project information...
30/01/2017 5:51:40 PM, Info: Commiting verification transaction...
30/01/2017 5:51:40 PM, Info: Saving project information...
30/01/2017 6:03:31 PM, Info: Initializing SIMPLSharp Services...
30/01/2017 6:03:31 PM, Info: ProjectInfo successfully initialized.
30/01/2017 6:03:32 PM, Info: Verifying archive C:\\Users\\mklucznyk\\Documents\\Visual Studio 2008\\Projects\\PhilipsHue\\PhilipsHue\\bin\PhilipsHue.clz...
30/01/2017 6:03:33 PM, Info: Saving project information...
30/01/2017 6:03:34 PM, Info: Verifying archive C:\\Users\\mklucznyk\\Documents\\Visual Studio 2008\\Projects\\PhilipsHue\\PhilipsHue\\bin\PhilipsHue.clz...
30/01/2017 6:03:34 PM, Info: Saving project information...
30/01/2017 6:03:35 PM, Info: Commiting verification transaction...
30/01/2017 6:03:35 PM, Info: Saving project information...
30/01/2017 6:23:56 PM, Info: Initializing SIMPLSharp Services...
30/01/2017 6:23:56 PM, Info: ProjectInfo successfully initialized.
30/01/2017 6:23:56 PM, Info: Verifying archive C:\\Users\\mklucznyk\\Documents\\Visual Studio 2008\\Projects\\PhilipsHue\\PhilipsHue\\bin\PhilipsHue.clz...
30/01/2017 6:23:57 PM, Info: Saving project information...
30/01/2017 6:23:58 PM, Info: Verifying archive C:\\Users\\mklucznyk\\Documents\\Visual Studio 2008\\Projects\\PhilipsHue\\PhilipsHue\\bin\PhilipsHue.clz...
30/01/2017 6:23:58 PM, Info: Saving project information...
30/01/2017 6:23:59 PM, Info: Commiting verification transaction...
30/01/2017 6:23:59 PM, Info: Saving project information...
30/01/2017 6:27:17 PM, Info: Initializing SIMPLSharp Services...
30/01/2017 6:27:17 PM, Info: ProjectInfo successfully initialized.
30/01/2017 6:27:17 PM, Info: Verifying archive C:\\Users\\mklucznyk\\Documents\\Visual Studio 2008\\Projects\\PhilipsHue\\PhilipsHue\\bin\PhilipsHue.clz...
30/01/2017 6:27:18 PM, Info: Saving project information...
30/01/2017 6:27:19 PM, Info: Verifying archive C:\\Users\\mklucznyk\\Documents\\Visual Studio 2008\\Projects\\PhilipsHue\\PhilipsHue\\bin\PhilipsHue.clz...
30/01/2017 6:27:19 PM, Info: Saving project information...
30/01/2017 6:27:20 PM, Info: Commiting verification transaction...
30/01/2017 6:27:20 PM, Info: Saving project information...
30/01/2017 6:28:58 PM, Info: Initializing SIMPLSharp Services...
30/01/2017 6:28:58 PM, Info: ProjectInfo successfully initialized.
30/01/2017 6:28:59 PM, Info: Verifying archive C:\\Users\\mklucznyk\\Documents\\Visual Studio 2008\\Projects\\PhilipsHue\\PhilipsHue\\bin\PhilipsHue.clz...
30/01/2017 6:29:00 PM, Info: Saving project information...
30/01/2017 6:29:01 PM, Info: Verifying archive C:\\Users\\mklucznyk\\Documents\\Visual Studio 2008\\Projects\\PhilipsHue\\PhilipsHue\\bin\PhilipsHue.clz...
30/01/2017 6:29:01 PM, Info: Saving project information...
30/01/2017 6:29:01 PM, Info: Commiting verification transaction...
30/01/2017 6:29:01 PM, Info: Saving project information...
30/01/2017 7:07:10 PM, Info: Terminating SIMPLSharp Services
30/01/2017 7:07:10 PM, Info: Saving project information...
30/01/2017 7:07:10 PM, Info: Terminating SIMPLSharp Services
30/01/2017 7:07:10 PM, Info: Saving project information...
30/01/2017 7:07:10 PM, Info: Terminating SIMPLSharp Services
30/01/2017 7:07:10 PM, Info: Saving project information...
30/01/2017 7:07:10 PM, Info: Terminating SIMPLSharp Services
30/01/2017 7:07:10 PM, Info: Saving project information...
30/01/2017 7:07:10 PM, Info: Terminating SIMPLSharp Services
