21/02/2017 7:47:03 PM, Info: Initializing SIMPLSharp Services...
21/02/2017 7:47:03 PM, Info: ProjectInfo successfully initialized.
21/02/2017 7:47:03 PM, Info: Verifying archive C:\\Users\\mklucznyk\\Documents\\Visual Studio 2008\\Projects\\PhilipsHue\\PhilipsHue\\bin\PhilipsHue.clz...
21/02/2017 7:47:05 PM, Info: Saving project information...
21/02/2017 7:47:06 PM, Info: Verifying archive C:\\Users\\mklucznyk\\Documents\\Visual Studio 2008\\Projects\\PhilipsHue\\PhilipsHue\\bin\PhilipsHue.clz...
21/02/2017 7:47:07 PM, Info: Saving project information...
21/02/2017 7:47:07 PM, Info: Verifying archive C:\\Users\\mklucznyk\\Documents\\Visual Studio 2008\\Projects\\PhilipsHue\\PhilipsHue\\bin\PhilipsHue.clz...
21/02/2017 7:47:07 PM, Info: Saving project information...
21/02/2017 7:47:08 PM, Info: Commiting verification transaction...
21/02/2017 7:47:08 PM, Info: Saving project information...
21/02/2017 8:00:18 PM, Info: Initializing SIMPLSharp Services...
21/02/2017 8:00:18 PM, Info: ProjectInfo successfully initialized.
21/02/2017 8:00:18 PM, Info: Verifying archive C:\\Users\\mklucznyk\\Documents\\Visual Studio 2008\\Projects\\PhilipsHue\\PhilipsHue\\bin\PhilipsHue.clz...
21/02/2017 8:00:19 PM, Info: Saving project information...
21/02/2017 8:00:20 PM, Info: Verifying archive C:\\Users\\mklucznyk\\Documents\\Visual Studio 2008\\Projects\\PhilipsHue\\PhilipsHue\\bin\PhilipsHue.clz...
21/02/2017 8:00:21 PM, Info: Saving project information...
21/02/2017 8:00:21 PM, Info: Verifying archive C:\\Users\\mklucznyk\\Documents\\Visual Studio 2008\\Projects\\PhilipsHue\\PhilipsHue\\bin\PhilipsHue.clz...
21/02/2017 8:00:21 PM, Info: Saving project information...
21/02/2017 8:00:22 PM, Info: Commiting verification transaction...
21/02/2017 8:00:22 PM, Info: Saving project information...
21/02/2017 8:05:40 PM, Info: Initializing SIMPLSharp Services...
21/02/2017 8:05:40 PM, Info: ProjectInfo successfully initialized.
21/02/2017 8:05:40 PM, Info: Verifying archive C:\\Users\\mklucznyk\\Documents\\Visual Studio 2008\\Projects\\PhilipsHue\\PhilipsHue\\bin\PhilipsHue.clz...
21/02/2017 8:05:41 PM, Info: Saving project information...
21/02/2017 8:05:42 PM, Info: Verifying archive C:\\Users\\mklucznyk\\Documents\\Visual Studio 2008\\Projects\\PhilipsHue\\PhilipsHue\\bin\PhilipsHue.clz...
21/02/2017 8:05:43 PM, Info: Saving project information...
21/02/2017 8:05:43 PM, Info: Verifying archive C:\\Users\\mklucznyk\\Documents\\Visual Studio 2008\\Projects\\PhilipsHue\\PhilipsHue\\bin\PhilipsHue.clz...
21/02/2017 8:05:43 PM, Info: Saving project information...
21/02/2017 8:05:44 PM, Info: Commiting verification transaction...
21/02/2017 8:05:44 PM, Info: Saving project information...
21/02/2017 8:20:35 PM, Info: Initializing SIMPLSharp Services...
21/02/2017 8:20:35 PM, Info: ProjectInfo successfully initialized.
21/02/2017 8:20:35 PM, Info: Verifying archive C:\\Users\\mklucznyk\\Documents\\Visual Studio 2008\\Projects\\PhilipsHue\\PhilipsHue\\bin\PhilipsHue.clz...
21/02/2017 8:20:37 PM, Info: Saving project information...
21/02/2017 8:20:38 PM, Info: Verifying archive C:\\Users\\mklucznyk\\Documents\\Visual Studio 2008\\Projects\\PhilipsHue\\PhilipsHue\\bin\PhilipsHue.clz...
21/02/2017 8:20:38 PM, Info: Saving project information...
21/02/2017 8:20:39 PM, Info: Verifying archive C:\\Users\\mklucznyk\\Documents\\Visual Studio 2008\\Projects\\PhilipsHue\\PhilipsHue\\bin\PhilipsHue.clz...
21/02/2017 8:20:39 PM, Info: Saving project information...
21/02/2017 8:20:39 PM, Info: Commiting verification transaction...
21/02/2017 8:20:39 PM, Info: Saving project information...
21/02/2017 8:25:36 PM, Info: Initializing SIMPLSharp Services...
21/02/2017 8:25:36 PM, Info: ProjectInfo successfully initialized.
21/02/2017 8:25:36 PM, Info: Verifying archive C:\\Users\\mklucznyk\\Documents\\Visual Studio 2008\\Projects\\PhilipsHue\\PhilipsHue\\bin\PhilipsHue.clz...
21/02/2017 8:25:37 PM, Info: Saving project information...
21/02/2017 8:25:39 PM, Info: Verifying archive C:\\Users\\mklucznyk\\Documents\\Visual Studio 2008\\Projects\\PhilipsHue\\PhilipsHue\\bin\PhilipsHue.clz...
21/02/2017 8:25:39 PM, Info: Saving project information...
21/02/2017 8:25:39 PM, Info: Verifying archive C:\\Users\\mklucznyk\\Documents\\Visual Studio 2008\\Projects\\PhilipsHue\\PhilipsHue\\bin\PhilipsHue.clz...
21/02/2017 8:25:40 PM, Info: Saving project information...
21/02/2017 8:25:40 PM, Info: Commiting verification transaction...
21/02/2017 8:25:40 PM, Info: Saving project information...
21/02/2017 8:27:40 PM, Info: Initializing SIMPLSharp Services...
21/02/2017 8:27:40 PM, Info: ProjectInfo successfully initialized.
21/02/2017 8:27:40 PM, Info: Verifying archive C:\\Users\\mklucznyk\\Documents\\Visual Studio 2008\\Projects\\PhilipsHue\\PhilipsHue\\bin\PhilipsHue.clz...
21/02/2017 8:27:41 PM, Info: Saving project information...
21/02/2017 8:27:42 PM, Info: Verifying archive C:\\Users\\mklucznyk\\Documents\\Visual Studio 2008\\Projects\\PhilipsHue\\PhilipsHue\\bin\PhilipsHue.clz...
21/02/2017 8:27:43 PM, Info: Saving project information...
21/02/2017 8:27:43 PM, Info: Verifying archive C:\\Users\\mklucznyk\\Documents\\Visual Studio 2008\\Projects\\PhilipsHue\\PhilipsHue\\bin\PhilipsHue.clz...
21/02/2017 8:27:43 PM, Info: Saving project information...
21/02/2017 8:27:44 PM, Info: Commiting verification transaction...
21/02/2017 8:27:44 PM, Info: Saving project information...
21/02/2017 8:43:39 PM, Info: Initializing SIMPLSharp Services...
21/02/2017 8:43:39 PM, Info: ProjectInfo successfully initialized.
21/02/2017 8:43:39 PM, Info: Verifying archive C:\\Users\\mklucznyk\\Documents\\Visual Studio 2008\\Projects\\PhilipsHue\\PhilipsHue\\bin\PhilipsHue.clz...
21/02/2017 8:43:41 PM, Info: Saving project information...
21/02/2017 8:43:42 PM, Info: Verifying archive C:\\Users\\mklucznyk\\Documents\\Visual Studio 2008\\Projects\\PhilipsHue\\PhilipsHue\\bin\PhilipsHue.clz...
21/02/2017 8:43:43 PM, Info: Saving project information...
21/02/2017 8:43:43 PM, Info: Verifying archive C:\\Users\\mklucznyk\\Documents\\Visual Studio 2008\\Projects\\PhilipsHue\\PhilipsHue\\bin\PhilipsHue.clz...
21/02/2017 8:43:43 PM, Info: Saving project information...
21/02/2017 8:43:44 PM, Info: Commiting verification transaction...
21/02/2017 8:43:44 PM, Info: Saving project information...
21/02/2017 8:48:47 PM, Info: Initializing SIMPLSharp Services...
21/02/2017 8:48:47 PM, Info: ProjectInfo successfully initialized.
21/02/2017 8:48:47 PM, Info: Verifying archive C:\\Users\\mklucznyk\\Documents\\Visual Studio 2008\\Projects\\PhilipsHue\\PhilipsHue\\bin\PhilipsHue.clz...
21/02/2017 8:48:48 PM, Info: Saving project information...
21/02/2017 8:48:49 PM, Info: Verifying archive C:\\Users\\mklucznyk\\Documents\\Visual Studio 2008\\Projects\\PhilipsHue\\PhilipsHue\\bin\PhilipsHue.clz...
21/02/2017 8:48:49 PM, Info: Saving project information...
21/02/2017 8:48:49 PM, Info: Verifying archive C:\\Users\\mklucznyk\\Documents\\Visual Studio 2008\\Projects\\PhilipsHue\\PhilipsHue\\bin\PhilipsHue.clz...
21/02/2017 8:48:50 PM, Info: Saving project information...
21/02/2017 8:48:50 PM, Info: Commiting verification transaction...
21/02/2017 8:48:50 PM, Info: Saving project information...
21/02/2017 9:27:14 PM, Info: Terminating SIMPLSharp Services
21/02/2017 9:27:14 PM, Info: Saving project information...
21/02/2017 9:27:14 PM, Info: Terminating SIMPLSharp Services
21/02/2017 9:27:14 PM, Info: Saving project information...
21/02/2017 9:27:14 PM, Info: Terminating SIMPLSharp Services
21/02/2017 9:27:14 PM, Info: Saving project information...
21/02/2017 9:27:14 PM, Info: Terminating SIMPLSharp Services
21/02/2017 9:27:14 PM, Info: Saving project information...
21/02/2017 9:27:14 PM, Info: Terminating SIMPLSharp Services
21/02/2017 9:27:14 PM, Info: Saving project information...
21/02/2017 9:27:14 PM, Info: Terminating SIMPLSharp Services
21/02/2017 9:27:14 PM, Info: Saving project information...
21/02/2017 9:27:14 PM, Info: Terminating SIMPLSharp Services
21/02/2017 9:27:14 PM, Info: Saving project information...
21/02/2017 9:27:14 PM, Info: Terminating SIMPLSharp Services
