14/02/2017 4:37:05 PM, Info: Initializing SIMPLSharp Services...
14/02/2017 4:37:05 PM, Info: ProjectInfo successfully initialized.
14/02/2017 4:37:06 PM, Info: Verifying archive C:\\Users\\mklucznyk\\Documents\\Visual Studio 2008\\Projects\\PhilipsHue\\PhilipsHue\\bin\PhilipsHue.clz...
14/02/2017 4:37:08 PM, Info: Saving project information...
14/02/2017 4:37:10 PM, Info: Verifying archive C:\\Users\\mklucznyk\\Documents\\Visual Studio 2008\\Projects\\PhilipsHue\\PhilipsHue\\bin\PhilipsHue.clz...
14/02/2017 4:37:10 PM, Info: Saving project information...
14/02/2017 4:37:12 PM, Info: Commiting verification transaction...
14/02/2017 4:37:12 PM, Info: Saving project information...
14/02/2017 4:54:37 PM, Info: Initializing SIMPLSharp Services...
14/02/2017 4:54:37 PM, Info: ProjectInfo successfully initialized.
14/02/2017 4:54:38 PM, Info: Verifying archive C:\\Users\\mklucznyk\\Documents\\Visual Studio 2008\\Projects\\PhilipsHue\\PhilipsHue\\bin\PhilipsHue.clz...
14/02/2017 4:54:38 PM, Info: Saving project information...
14/02/2017 4:54:40 PM, Info: Verifying archive C:\\Users\\mklucznyk\\Documents\\Visual Studio 2008\\Projects\\PhilipsHue\\PhilipsHue\\bin\PhilipsHue.clz...
14/02/2017 4:54:40 PM, Info: Saving project information...
14/02/2017 4:54:41 PM, Info: Commiting verification transaction...
14/02/2017 4:54:41 PM, Info: Saving project information...
14/02/2017 6:20:54 PM, Info: Initializing SIMPLSharp Services...
14/02/2017 6:20:54 PM, Info: ProjectInfo successfully initialized.
14/02/2017 6:20:54 PM, Info: Verifying archive C:\\Users\\mklucznyk\\Documents\\Visual Studio 2008\\Projects\\PhilipsHue\\PhilipsHue\\bin\PhilipsHue.clz...
14/02/2017 6:20:55 PM, Info: Saving project information...
14/02/2017 6:20:57 PM, Info: Verifying archive C:\\Users\\mklucznyk\\Documents\\Visual Studio 2008\\Projects\\PhilipsHue\\PhilipsHue\\bin\PhilipsHue.clz...
14/02/2017 6:20:57 PM, Info: Saving project information...
14/02/2017 6:20:58 PM, Info: Commiting verification transaction...
14/02/2017 6:20:58 PM, Info: Saving project information...
14/02/2017 6:39:49 PM, Info: Initializing SIMPLSharp Services...
14/02/2017 6:39:49 PM, Info: ProjectInfo successfully initialized.
14/02/2017 6:39:49 PM, Info: Verifying archive C:\\Users\\mklucznyk\\Documents\\Visual Studio 2008\\Projects\\PhilipsHue\\PhilipsHue\\bin\PhilipsHue.clz...
14/02/2017 6:39:50 PM, Info: Saving project information...
14/02/2017 6:39:52 PM, Info: Verifying archive C:\\Users\\mklucznyk\\Documents\\Visual Studio 2008\\Projects\\PhilipsHue\\PhilipsHue\\bin\PhilipsHue.clz...
14/02/2017 6:39:52 PM, Info: Saving project information...
14/02/2017 6:39:53 PM, Info: Commiting verification transaction...
14/02/2017 6:39:53 PM, Info: Saving project information...
14/02/2017 7:54:10 PM, Info: Initializing SIMPLSharp Services...
14/02/2017 7:54:10 PM, Info: ProjectInfo successfully initialized.
14/02/2017 7:54:10 PM, Info: Verifying archive C:\\Users\\mklucznyk\\Documents\\Visual Studio 2008\\Projects\\PhilipsHue\\PhilipsHue\\bin\PhilipsHue.clz...
14/02/2017 7:54:11 PM, Info: Saving project information...
14/02/2017 7:54:12 PM, Info: Verifying archive C:\\Users\\mklucznyk\\Documents\\Visual Studio 2008\\Projects\\PhilipsHue\\PhilipsHue\\bin\PhilipsHue.clz...
14/02/2017 7:54:13 PM, Info: Saving project information...
14/02/2017 7:54:13 PM, Info: Commiting verification transaction...
14/02/2017 7:54:13 PM, Info: Saving project information...
14/02/2017 7:57:40 PM, Info: Initializing SIMPLSharp Services...
14/02/2017 7:57:40 PM, Info: ProjectInfo successfully initialized.
14/02/2017 7:57:40 PM, Info: Verifying archive C:\\Users\\mklucznyk\\Documents\\Visual Studio 2008\\Projects\\PhilipsHue\\PhilipsHue\\bin\PhilipsHue.clz...
14/02/2017 7:57:42 PM, Info: Saving project information...
14/02/2017 7:57:44 PM, Info: Verifying archive C:\\Users\\mklucznyk\\Documents\\Visual Studio 2008\\Projects\\PhilipsHue\\PhilipsHue\\bin\PhilipsHue.clz...
14/02/2017 7:57:44 PM, Info: Saving project information...
14/02/2017 7:57:44 PM, Info: Commiting verification transaction...
14/02/2017 7:57:44 PM, Info: Saving project information...
14/02/2017 8:12:27 PM, Info: Initializing SIMPLSharp Services...
14/02/2017 8:12:27 PM, Info: ProjectInfo successfully initialized.
14/02/2017 8:12:27 PM, Info: Verifying archive C:\\Users\\mklucznyk\\Documents\\Visual Studio 2008\\Projects\\PhilipsHue\\PhilipsHue\\bin\PhilipsHue.clz...
14/02/2017 8:12:29 PM, Info: Saving project information...
14/02/2017 8:12:31 PM, Info: Verifying archive C:\\Users\\mklucznyk\\Documents\\Visual Studio 2008\\Projects\\PhilipsHue\\PhilipsHue\\bin\PhilipsHue.clz...
14/02/2017 8:12:31 PM, Info: Saving project information...
14/02/2017 8:12:31 PM, Info: Commiting verification transaction...
14/02/2017 8:12:31 PM, Info: Saving project information...
14/02/2017 8:24:06 PM, Info: Terminating SIMPLSharp Services
14/02/2017 8:24:06 PM, Info: Saving project information...
14/02/2017 8:24:06 PM, Info: Terminating SIMPLSharp Services
14/02/2017 8:24:06 PM, Info: Saving project information...
14/02/2017 8:24:06 PM, Info: Terminating SIMPLSharp Services
14/02/2017 8:24:06 PM, Info: Saving project information...
14/02/2017 8:24:06 PM, Info: Terminating SIMPLSharp Services
14/02/2017 8:24:06 PM, Info: Saving project information...
14/02/2017 8:24:06 PM, Info: Terminating SIMPLSharp Services
14/02/2017 8:24:06 PM, Info: Saving project information...
14/02/2017 8:24:06 PM, Info: Terminating SIMPLSharp Services
14/02/2017 8:24:06 PM, Info: Saving project information...
14/02/2017 8:24:06 PM, Info: Terminating SIMPLSharp Services
