27/01/2017 6:25:01 PM, Info: Initializing SIMPLSharp Services...
27/01/2017 6:25:01 PM, Info: ProjectInfo successfully initialized.
27/01/2017 6:25:02 PM, Info: Verifying archive C:\\Users\\mklucznyk\\Documents\\Visual Studio 2008\\Projects\\PhilipsHue\\PhilipsHue\\bin\PhilipsHue.clz...
27/01/2017 6:25:03 PM, Info: Saving project information...
27/01/2017 6:25:05 PM, Info: Commiting verification transaction...
27/01/2017 6:25:05 PM, Info: Saving project information...
27/01/2017 6:31:32 PM, Info: Initializing SIMPLSharp Services...
27/01/2017 6:31:32 PM, Info: ProjectInfo successfully initialized.
27/01/2017 6:31:32 PM, Info: Verifying archive C:\\Users\\mklucznyk\\Documents\\Visual Studio 2008\\Projects\\PhilipsHue\\PhilipsHue\\bin\PhilipsHue.clz...
27/01/2017 6:31:33 PM, Info: Saving project information...
27/01/2017 6:31:34 PM, Info: Commiting verification transaction...
27/01/2017 6:31:34 PM, Info: Saving project information...
27/01/2017 6:35:21 PM, Info: Initializing SIMPLSharp Services...
27/01/2017 6:35:21 PM, Info: ProjectInfo successfully initialized.
27/01/2017 6:35:21 PM, Info: Verifying archive C:\\Users\\mklucznyk\\Documents\\Visual Studio 2008\\Projects\\PhilipsHue\\PhilipsHue\\bin\PhilipsHue.clz...
27/01/2017 6:35:22 PM, Info: Saving project information...
27/01/2017 6:35:24 PM, Info: Commiting verification transaction...
27/01/2017 6:35:24 PM, Info: Saving project information...
27/01/2017 6:51:15 PM, Info: Initializing SIMPLSharp Services...
27/01/2017 6:51:15 PM, Info: ProjectInfo successfully initialized.
27/01/2017 6:51:15 PM, Info: Verifying archive C:\\Users\\mklucznyk\\Documents\\Visual Studio 2008\\Projects\\PhilipsHue\\PhilipsHue\\bin\PhilipsHue.clz...
27/01/2017 6:51:15 PM, Info: Saving project information...
27/01/2017 6:51:17 PM, Info: Commiting verification transaction...
27/01/2017 6:51:17 PM, Info: Saving project information...
27/01/2017 6:55:29 PM, Info: Initializing SIMPLSharp Services...
27/01/2017 6:55:29 PM, Info: ProjectInfo successfully initialized.
27/01/2017 6:55:29 PM, Info: Verifying archive C:\\Users\\mklucznyk\\Documents\\Visual Studio 2008\\Projects\\PhilipsHue\\PhilipsHue\\bin\PhilipsHue.clz...
27/01/2017 6:55:30 PM, Info: Saving project information...
27/01/2017 6:55:31 PM, Info: Commiting verification transaction...
27/01/2017 6:55:31 PM, Info: Saving project information...
30/01/2017 9:52:28 AM, Info: Initializing SIMPLSharp Services...
30/01/2017 9:52:28 AM, Info: ProjectInfo successfully initialized.
30/01/2017 9:52:28 AM, Info: Verifying archive C:\\Users\\mklucznyk\\Documents\\Visual Studio 2008\\Projects\\PhilipsHue\\PhilipsHue\\bin\PhilipsHue.clz...
30/01/2017 9:52:28 AM, Info: Saving project information...
30/01/2017 9:52:30 AM, Info: Commiting verification transaction...
30/01/2017 9:52:30 AM, Info: Saving project information...
30/01/2017 9:53:57 AM, Info: Terminating SIMPLSharp Services
30/01/2017 9:53:58 AM, Info: Saving project information...
30/01/2017 9:53:58 AM, Info: Terminating SIMPLSharp Services
30/01/2017 9:53:58 AM, Info: Saving project information...
30/01/2017 9:53:58 AM, Info: Terminating SIMPLSharp Services
30/01/2017 9:53:58 AM, Info: Saving project information...
30/01/2017 9:53:58 AM, Info: Terminating SIMPLSharp Services
30/01/2017 9:53:58 AM, Info: Saving project information...
30/01/2017 9:53:58 AM, Info: Terminating SIMPLSharp Services
30/01/2017 9:53:58 AM, Info: Saving project information...
30/01/2017 9:53:58 AM, Info: Terminating SIMPLSharp Services
