13/02/2017 5:56:43 PM, Info: Initializing SIMPLSharp Services...
13/02/2017 5:56:43 PM, Info: ProjectInfo successfully initialized.
13/02/2017 5:56:44 PM, Info: Verifying archive C:\\Users\\mklucznyk\\Documents\\Visual Studio 2008\\Projects\\PhilipsHue\\PhilipsHue\\bin\PhilipsHue.clz...
13/02/2017 5:56:45 PM, Info: Saving project information...
13/02/2017 5:57:24 PM, Info: Initializing SIMPLSharp Services...
13/02/2017 5:57:24 PM, Info: ProjectInfo successfully initialized.
13/02/2017 5:57:24 PM, Info: Verifying archive C:\\Users\\mklucznyk\\Documents\\Visual Studio 2008\\Projects\\PhilipsHue\\PhilipsHue\\bin\PhilipsHue.clz...
13/02/2017 5:57:25 PM, Info: Saving project information...
13/02/2017 5:57:41 PM, Info: Initializing SIMPLSharp Services...
13/02/2017 5:57:41 PM, Info: ProjectInfo successfully initialized.
13/02/2017 5:57:41 PM, Info: Verifying archive C:\\Users\\mklucznyk\\Documents\\Visual Studio 2008\\Projects\\PhilipsHue\\PhilipsHue\\bin\PhilipsHue.clz...
13/02/2017 5:57:42 PM, Info: Saving project information...
13/02/2017 6:00:41 PM, Info: Initializing SIMPLSharp Services...
13/02/2017 6:00:41 PM, Info: ProjectInfo successfully initialized.
13/02/2017 6:00:41 PM, Info: Verifying archive C:\\Users\\mklucznyk\\Documents\\Visual Studio 2008\\Projects\\PhilipsHue\\PhilipsHue\\bin\PhilipsHue.clz...
13/02/2017 6:00:42 PM, Info: Saving project information...
13/02/2017 6:05:02 PM, Info: Initializing SIMPLSharp Services...
13/02/2017 6:05:02 PM, Info: ProjectInfo successfully initialized.
13/02/2017 6:05:02 PM, Info: Verifying archive C:\\Users\\mklucznyk\\Documents\\Visual Studio 2008\\Projects\\PhilipsHue\\PhilipsHue\\bin\PhilipsHue.clz...
13/02/2017 6:05:03 PM, Info: Saving project information...
13/02/2017 6:06:35 PM, Info: Initializing SIMPLSharp Services...
13/02/2017 6:06:35 PM, Info: ProjectInfo successfully initialized.
13/02/2017 6:06:35 PM, Info: Verifying archive C:\\Users\\mklucznyk\\Documents\\Visual Studio 2008\\Projects\\PhilipsHue\\PhilipsHue\\bin\PhilipsHue.clz...
13/02/2017 6:06:35 PM, Info: Saving project information...
13/02/2017 6:14:59 PM, Info: Initializing SIMPLSharp Services...
13/02/2017 6:14:59 PM, Info: ProjectInfo successfully initialized.
13/02/2017 6:14:59 PM, Info: Verifying archive C:\\Users\\mklucznyk\\Documents\\Visual Studio 2008\\Projects\\PhilipsHue\\PhilipsHue\\bin\PhilipsHue.clz...
13/02/2017 6:15:00 PM, Info: Saving project information...
14/02/2017 8:44:27 AM, Info: Terminating SIMPLSharp Services
14/02/2017 8:44:27 AM, Info: Saving project information...
14/02/2017 8:44:27 AM, Info: Terminating SIMPLSharp Services
14/02/2017 8:44:27 AM, Info: Saving project information...
14/02/2017 8:44:27 AM, Info: Terminating SIMPLSharp Services
14/02/2017 8:44:27 AM, Info: Saving project information...
14/02/2017 8:44:27 AM, Info: Terminating SIMPLSharp Services
14/02/2017 8:44:27 AM, Info: Saving project information...
14/02/2017 8:44:27 AM, Info: Terminating SIMPLSharp Services
14/02/2017 8:44:27 AM, Info: Saving project information...
14/02/2017 8:44:27 AM, Info: Terminating SIMPLSharp Services
14/02/2017 8:44:27 AM, Info: Saving project information...
14/02/2017 8:44:27 AM, Info: Terminating SIMPLSharp Services
