23/02/2017 2:28:03 PM, Info: Initializing SIMPLSharp Services...
23/02/2017 2:28:03 PM, Info: ProjectInfo successfully initialized.
23/02/2017 2:28:03 PM, Info: Verifying archive C:\\Users\\mklucznyk\\Documents\\Visual Studio 2008\\Projects\\PhilipsHue\\PhilipsHue\\bin\PhilipsHue.clz...
23/02/2017 2:28:05 PM, Info: Saving project information...
23/02/2017 2:28:07 PM, Info: Verifying archive C:\\Users\\mklucznyk\\Documents\\Visual Studio 2008\\Projects\\PhilipsHue\\PhilipsHue\\bin\PhilipsHue.clz...
23/02/2017 2:28:07 PM, Info: Saving project information...
23/02/2017 2:28:09 PM, Info: Verifying archive C:\\Users\\mklucznyk\\Documents\\Visual Studio 2008\\Projects\\PhilipsHue\\PhilipsHue\\bin\PhilipsHue.clz...
23/02/2017 2:28:09 PM, Info: Saving project information...
23/02/2017 2:28:09 PM, Info: Commiting verification transaction...
23/02/2017 2:28:09 PM, Info: Saving project information...
23/02/2017 2:49:09 PM, Info: Initializing SIMPLSharp Services...
23/02/2017 2:49:09 PM, Info: ProjectInfo successfully initialized.
23/02/2017 2:49:09 PM, Info: Verifying archive C:\\Users\\mklucznyk\\Documents\\Visual Studio 2008\\Projects\\PhilipsHue\\PhilipsHue\\bin\PhilipsHue.clz...
23/02/2017 2:49:11 PM, Info: Saving project information...
23/02/2017 2:49:12 PM, Info: Verifying archive C:\\Users\\mklucznyk\\Documents\\Visual Studio 2008\\Projects\\PhilipsHue\\PhilipsHue\\bin\PhilipsHue.clz...
23/02/2017 2:49:12 PM, Info: Saving project information...
23/02/2017 2:49:13 PM, Info: Verifying archive C:\\Users\\mklucznyk\\Documents\\Visual Studio 2008\\Projects\\PhilipsHue\\PhilipsHue\\bin\PhilipsHue.clz...
23/02/2017 2:49:13 PM, Info: Saving project information...
23/02/2017 2:49:14 PM, Info: Commiting verification transaction...
23/02/2017 2:49:14 PM, Info: Saving project information...
23/02/2017 3:23:36 PM, Info: Initializing SIMPLSharp Services...
23/02/2017 3:23:36 PM, Info: ProjectInfo successfully initialized.
23/02/2017 3:23:36 PM, Info: Verifying archive C:\\Users\\mklucznyk\\Documents\\Visual Studio 2008\\Projects\\PhilipsHue\\PhilipsHue\\bin\PhilipsHue.clz...
23/02/2017 3:23:37 PM, Info: Saving project information...
23/02/2017 3:23:38 PM, Info: Verifying archive C:\\Users\\mklucznyk\\Documents\\Visual Studio 2008\\Projects\\PhilipsHue\\PhilipsHue\\bin\PhilipsHue.clz...
23/02/2017 3:23:39 PM, Info: Saving project information...
23/02/2017 3:23:39 PM, Info: Verifying archive C:\\Users\\mklucznyk\\Documents\\Visual Studio 2008\\Projects\\PhilipsHue\\PhilipsHue\\bin\PhilipsHue.clz...
23/02/2017 3:23:39 PM, Info: Saving project information...
23/02/2017 3:23:40 PM, Info: Commiting verification transaction...
23/02/2017 3:23:40 PM, Info: Saving project information...
23/02/2017 3:29:16 PM, Info: Initializing SIMPLSharp Services...
23/02/2017 3:29:16 PM, Info: ProjectInfo successfully initialized.
23/02/2017 3:29:16 PM, Info: Verifying archive C:\\Users\\mklucznyk\\Documents\\Visual Studio 2008\\Projects\\PhilipsHue\\PhilipsHue\\bin\PhilipsHue.clz...
23/02/2017 3:29:17 PM, Info: Saving project information...
23/02/2017 3:29:18 PM, Info: Verifying archive C:\\Users\\mklucznyk\\Documents\\Visual Studio 2008\\Projects\\PhilipsHue\\PhilipsHue\\bin\PhilipsHue.clz...
23/02/2017 3:29:18 PM, Info: Saving project information...
23/02/2017 3:29:20 PM, Info: Verifying archive C:\\Users\\mklucznyk\\Documents\\Visual Studio 2008\\Projects\\PhilipsHue\\PhilipsHue\\bin\PhilipsHue.clz...
23/02/2017 3:29:20 PM, Info: Saving project information...
23/02/2017 3:29:21 PM, Info: Commiting verification transaction...
23/02/2017 3:29:21 PM, Info: Saving project information...
23/02/2017 3:29:42 PM, Info: Initializing SIMPLSharp Services...
23/02/2017 3:29:42 PM, Info: ProjectInfo successfully initialized.
23/02/2017 3:29:42 PM, Info: Verifying archive C:\\Users\\mklucznyk\\Documents\\Visual Studio 2008\\Projects\\PhilipsHue\\PhilipsHue\\bin\PhilipsHue.clz...
23/02/2017 3:29:42 PM, Info: Saving project information...
23/02/2017 3:29:44 PM, Info: Verifying archive C:\\Users\\mklucznyk\\Documents\\Visual Studio 2008\\Projects\\PhilipsHue\\PhilipsHue\\bin\PhilipsHue.clz...
23/02/2017 3:29:44 PM, Info: Saving project information...
23/02/2017 3:29:44 PM, Info: Verifying archive C:\\Users\\mklucznyk\\Documents\\Visual Studio 2008\\Projects\\PhilipsHue\\PhilipsHue\\bin\PhilipsHue.clz...
23/02/2017 3:29:44 PM, Info: Saving project information...
23/02/2017 3:29:45 PM, Info: Commiting verification transaction...
23/02/2017 3:29:45 PM, Info: Saving project information...
23/02/2017 3:49:19 PM, Info: Initializing SIMPLSharp Services...
23/02/2017 3:49:19 PM, Info: ProjectInfo successfully initialized.
23/02/2017 3:49:20 PM, Info: Verifying archive C:\\Users\\mklucznyk\\Documents\\Visual Studio 2008\\Projects\\PhilipsHue\\PhilipsHue\\bin\PhilipsHue.clz...
23/02/2017 3:49:21 PM, Info: Saving project information...
23/02/2017 3:49:23 PM, Info: Verifying archive C:\\Users\\mklucznyk\\Documents\\Visual Studio 2008\\Projects\\PhilipsHue\\PhilipsHue\\bin\PhilipsHue.clz...
23/02/2017 3:49:23 PM, Info: Saving project information...
23/02/2017 3:49:24 PM, Info: Verifying archive C:\\Users\\mklucznyk\\Documents\\Visual Studio 2008\\Projects\\PhilipsHue\\PhilipsHue\\bin\PhilipsHue.clz...
23/02/2017 3:49:24 PM, Info: Saving project information...
23/02/2017 3:49:25 PM, Info: Commiting verification transaction...
23/02/2017 3:49:25 PM, Info: Saving project information...
23/02/2017 8:15:53 PM, Info: Initializing SIMPLSharp Services...
23/02/2017 8:15:53 PM, Info: ProjectInfo successfully initialized.
23/02/2017 8:15:53 PM, Info: Verifying archive C:\\Users\\mklucznyk\\Documents\\Visual Studio 2008\\Projects\\PhilipsHue\\PhilipsHue\\bin\PhilipsHue.clz...
23/02/2017 8:15:55 PM, Info: Saving project information...
23/02/2017 8:15:57 PM, Info: Verifying archive C:\\Users\\mklucznyk\\Documents\\Visual Studio 2008\\Projects\\PhilipsHue\\PhilipsHue\\bin\PhilipsHue.clz...
23/02/2017 8:15:58 PM, Info: Saving project information...
23/02/2017 8:15:58 PM, Info: Verifying archive C:\\Users\\mklucznyk\\Documents\\Visual Studio 2008\\Projects\\PhilipsHue\\PhilipsHue\\bin\PhilipsHue.clz...
23/02/2017 8:15:58 PM, Info: Saving project information...
23/02/2017 8:15:59 PM, Info: Commiting verification transaction...
23/02/2017 8:15:59 PM, Info: Saving project information...
23/02/2017 8:18:59 PM, Info: Initializing SIMPLSharp Services...
23/02/2017 8:18:59 PM, Info: ProjectInfo successfully initialized.
23/02/2017 8:18:59 PM, Info: Verifying archive C:\\Users\\mklucznyk\\Documents\\Visual Studio 2008\\Projects\\PhilipsHue\\PhilipsHue\\bin\PhilipsHue.clz...
23/02/2017 8:19:00 PM, Info: Saving project information...
23/02/2017 8:19:01 PM, Info: Verifying archive C:\\Users\\mklucznyk\\Documents\\Visual Studio 2008\\Projects\\PhilipsHue\\PhilipsHue\\bin\PhilipsHue.clz...
23/02/2017 8:19:02 PM, Info: Saving project information...
23/02/2017 8:19:02 PM, Info: Verifying archive C:\\Users\\mklucznyk\\Documents\\Visual Studio 2008\\Projects\\PhilipsHue\\PhilipsHue\\bin\PhilipsHue.clz...
23/02/2017 8:19:02 PM, Info: Saving project information...
23/02/2017 8:19:03 PM, Info: Commiting verification transaction...
23/02/2017 8:19:03 PM, Info: Saving project information...
23/02/2017 8:59:41 PM, Info: Initializing SIMPLSharp Services...
23/02/2017 8:59:41 PM, Info: ProjectInfo successfully initialized.
23/02/2017 8:59:42 PM, Info: Verifying archive C:\\Users\\mklucznyk\\Documents\\Visual Studio 2008\\Projects\\PhilipsHue\\PhilipsHue\\bin\PhilipsHue.clz...
23/02/2017 8:59:43 PM, Info: Saving project information...
23/02/2017 8:59:45 PM, Info: Verifying archive C:\\Users\\mklucznyk\\Documents\\Visual Studio 2008\\Projects\\PhilipsHue\\PhilipsHue\\bin\PhilipsHue.clz...
23/02/2017 8:59:45 PM, Info: Saving project information...
23/02/2017 8:59:45 PM, Info: Verifying archive C:\\Users\\mklucznyk\\Documents\\Visual Studio 2008\\Projects\\PhilipsHue\\PhilipsHue\\bin\PhilipsHue.clz...
23/02/2017 8:59:46 PM, Info: Saving project information...
23/02/2017 8:59:46 PM, Info: Commiting verification transaction...
23/02/2017 8:59:46 PM, Info: Saving project information...
23/02/2017 9:12:52 PM, Info: Initializing SIMPLSharp Services...
23/02/2017 9:12:52 PM, Info: ProjectInfo successfully initialized.
23/02/2017 9:12:52 PM, Info: Verifying archive C:\\Users\\mklucznyk\\Documents\\Visual Studio 2008\\Projects\\PhilipsHue\\PhilipsHue\\bin\PhilipsHue.clz...
23/02/2017 9:12:53 PM, Info: Saving project information...
23/02/2017 9:12:55 PM, Info: Verifying archive C:\\Users\\mklucznyk\\Documents\\Visual Studio 2008\\Projects\\PhilipsHue\\PhilipsHue\\bin\PhilipsHue.clz...
23/02/2017 9:12:56 PM, Info: Saving project information...
23/02/2017 9:12:56 PM, Info: Verifying archive C:\\Users\\mklucznyk\\Documents\\Visual Studio 2008\\Projects\\PhilipsHue\\PhilipsHue\\bin\PhilipsHue.clz...
23/02/2017 9:12:56 PM, Info: Saving project information...
23/02/2017 9:12:57 PM, Info: Commiting verification transaction...
23/02/2017 9:12:57 PM, Info: Saving project information...
23/02/2017 9:47:40 PM, Info: Terminating SIMPLSharp Services
23/02/2017 9:47:40 PM, Info: Saving project information...
23/02/2017 9:47:40 PM, Info: Terminating SIMPLSharp Services
23/02/2017 9:47:40 PM, Info: Saving project information...
23/02/2017 9:47:40 PM, Info: Terminating SIMPLSharp Services
23/02/2017 9:47:40 PM, Info: Saving project information...
23/02/2017 9:47:40 PM, Info: Terminating SIMPLSharp Services
23/02/2017 9:47:40 PM, Info: Saving project information...
23/02/2017 9:47:40 PM, Info: Terminating SIMPLSharp Services
23/02/2017 9:47:40 PM, Info: Saving project information...
23/02/2017 9:47:40 PM, Info: Terminating SIMPLSharp Services
23/02/2017 9:47:40 PM, Info: Saving project information...
23/02/2017 9:47:40 PM, Info: Terminating SIMPLSharp Services
23/02/2017 9:47:40 PM, Info: Saving project information...
23/02/2017 9:47:40 PM, Info: Terminating SIMPLSharp Services
23/02/2017 9:47:40 PM, Info: Saving project information...
23/02/2017 9:47:40 PM, Info: Terminating SIMPLSharp Services
23/02/2017 9:47:40 PM, Info: Saving project information...
23/02/2017 9:47:40 PM, Info: Terminating SIMPLSharp Services
