27/01/2017 11:15:43 AM, Info: Initializing SIMPLSharp Services...
27/01/2017 11:15:43 AM, Info: ProjectInfo successfully initialized.
27/01/2017 11:15:43 AM, Info: Verifying archive C:\\Users\\mklucznyk\\Documents\\Visual Studio 2008\\Projects\\PhilipsHue\\PhilipsHue\\bin\PhilipsHue.clz...
27/01/2017 11:15:45 AM, Info: Saving project information...
27/01/2017 11:15:46 AM, Info: Commiting verification transaction...
27/01/2017 11:15:46 AM, Info: Saving project information...
27/01/2017 11:17:17 AM, Info: Initializing SIMPLSharp Services...
27/01/2017 11:17:17 AM, Info: ProjectInfo successfully initialized.
27/01/2017 11:17:17 AM, Info: Verifying archive C:\\Users\\mklucznyk\\Documents\\Visual Studio 2008\\Projects\\PhilipsHue\\PhilipsHue\\bin\PhilipsHue.clz...
27/01/2017 11:17:17 AM, Info: Saving project information...
27/01/2017 11:17:19 AM, Info: Commiting verification transaction...
27/01/2017 11:17:19 AM, Info: Saving project information...
27/01/2017 11:24:09 AM, Info: Initializing SIMPLSharp Services...
27/01/2017 11:24:09 AM, Info: ProjectInfo successfully initialized.
27/01/2017 11:24:09 AM, Info: Verifying archive C:\\Users\\mklucznyk\\Documents\\Visual Studio 2008\\Projects\\PhilipsHue\\PhilipsHue\\bin\PhilipsHue.clz...
27/01/2017 11:24:10 AM, Info: Saving project information...
27/01/2017 11:24:12 AM, Info: Commiting verification transaction...
27/01/2017 11:24:12 AM, Info: Saving project information...
27/01/2017 11:31:19 AM, Info: Initializing SIMPLSharp Services...
27/01/2017 11:31:19 AM, Info: ProjectInfo successfully initialized.
27/01/2017 11:31:19 AM, Info: Verifying archive C:\\Users\\mklucznyk\\Documents\\Visual Studio 2008\\Projects\\PhilipsHue\\PhilipsHue\\bin\PhilipsHue.clz...
27/01/2017 11:31:20 AM, Info: Saving project information...
27/01/2017 11:31:22 AM, Info: Commiting verification transaction...
27/01/2017 11:31:22 AM, Info: Saving project information...
27/01/2017 11:37:32 AM, Info: Initializing SIMPLSharp Services...
27/01/2017 11:37:32 AM, Info: ProjectInfo successfully initialized.
27/01/2017 11:37:32 AM, Info: Verifying archive C:\\Users\\mklucznyk\\Documents\\Visual Studio 2008\\Projects\\PhilipsHue\\PhilipsHue\\bin\PhilipsHue.clz...
27/01/2017 11:37:34 AM, Info: Saving project information...
27/01/2017 11:37:35 AM, Info: Commiting verification transaction...
27/01/2017 11:37:35 AM, Info: Saving project information...
27/01/2017 11:45:06 AM, Info: Initializing SIMPLSharp Services...
27/01/2017 11:45:06 AM, Info: ProjectInfo successfully initialized.
27/01/2017 11:45:06 AM, Info: Verifying archive C:\\Users\\mklucznyk\\Documents\\Visual Studio 2008\\Projects\\PhilipsHue\\PhilipsHue\\bin\PhilipsHue.clz...
27/01/2017 11:45:07 AM, Info: Saving project information...
27/01/2017 11:45:09 AM, Info: Commiting verification transaction...
27/01/2017 11:45:09 AM, Info: Saving project information...
27/01/2017 11:49:25 AM, Info: Initializing SIMPLSharp Services...
27/01/2017 11:49:25 AM, Info: ProjectInfo successfully initialized.
27/01/2017 11:49:26 AM, Info: Verifying archive C:\\Users\\mklucznyk\\Documents\\Visual Studio 2008\\Projects\\PhilipsHue\\PhilipsHue\\bin\PhilipsHue.clz...
27/01/2017 11:49:27 AM, Info: Saving project information...
27/01/2017 11:49:28 AM, Info: Commiting verification transaction...
27/01/2017 11:49:28 AM, Info: Saving project information...
27/01/2017 12:19:26 PM, Info: Initializing SIMPLSharp Services...
27/01/2017 12:19:26 PM, Info: ProjectInfo successfully initialized.
27/01/2017 12:19:26 PM, Info: Verifying archive C:\\Users\\mklucznyk\\Documents\\Visual Studio 2008\\Projects\\PhilipsHue\\PhilipsHue\\bin\PhilipsHue.clz...
27/01/2017 12:19:27 PM, Info: Saving project information...
27/01/2017 12:19:29 PM, Info: Commiting verification transaction...
27/01/2017 12:19:29 PM, Info: Saving project information...
27/01/2017 12:33:44 PM, Info: Initializing SIMPLSharp Services...
27/01/2017 12:33:44 PM, Info: ProjectInfo successfully initialized.
27/01/2017 12:33:44 PM, Info: Verifying archive C:\\Users\\mklucznyk\\Documents\\Visual Studio 2008\\Projects\\PhilipsHue\\PhilipsHue\\bin\PhilipsHue.clz...
27/01/2017 12:33:46 PM, Info: Saving project information...
27/01/2017 12:33:48 PM, Info: Commiting verification transaction...
27/01/2017 12:33:48 PM, Info: Saving project information...
27/01/2017 12:37:27 PM, Info: Initializing SIMPLSharp Services...
27/01/2017 12:37:27 PM, Info: ProjectInfo successfully initialized.
27/01/2017 12:37:27 PM, Info: Verifying archive C:\\Users\\mklucznyk\\Documents\\Visual Studio 2008\\Projects\\PhilipsHue\\PhilipsHue\\bin\PhilipsHue.clz...
27/01/2017 12:37:28 PM, Info: Saving project information...
27/01/2017 12:37:30 PM, Info: Commiting verification transaction...
27/01/2017 12:37:30 PM, Info: Saving project information...
27/01/2017 2:06:18 PM, Info: Initializing SIMPLSharp Services...
27/01/2017 2:06:18 PM, Info: ProjectInfo successfully initialized.
27/01/2017 2:06:18 PM, Info: Verifying archive C:\\Users\\mklucznyk\\Documents\\Visual Studio 2008\\Projects\\PhilipsHue\\PhilipsHue\\bin\PhilipsHue.clz...
27/01/2017 2:06:19 PM, Info: Saving project information...
27/01/2017 2:06:21 PM, Info: Commiting verification transaction...
27/01/2017 2:06:21 PM, Info: Saving project information...
27/01/2017 2:15:20 PM, Info: Initializing SIMPLSharp Services...
27/01/2017 2:15:20 PM, Info: ProjectInfo successfully initialized.
27/01/2017 2:15:21 PM, Info: Verifying archive C:\\Users\\mklucznyk\\Documents\\Visual Studio 2008\\Projects\\PhilipsHue\\PhilipsHue\\bin\PhilipsHue.clz...
27/01/2017 2:15:22 PM, Info: Saving project information...
27/01/2017 2:15:24 PM, Info: Commiting verification transaction...
27/01/2017 2:15:24 PM, Info: Saving project information...
27/01/2017 2:19:45 PM, Info: Initializing SIMPLSharp Services...
27/01/2017 2:19:45 PM, Info: ProjectInfo successfully initialized.
27/01/2017 2:19:45 PM, Info: Verifying archive C:\\Users\\mklucznyk\\Documents\\Visual Studio 2008\\Projects\\PhilipsHue\\PhilipsHue\\bin\PhilipsHue.clz...
27/01/2017 2:19:46 PM, Info: Saving project information...
27/01/2017 2:19:47 PM, Info: Commiting verification transaction...
27/01/2017 2:19:47 PM, Info: Saving project information...
27/01/2017 2:26:59 PM, Info: Initializing SIMPLSharp Services...
27/01/2017 2:26:59 PM, Info: ProjectInfo successfully initialized.
27/01/2017 2:26:59 PM, Info: Verifying archive C:\\Users\\mklucznyk\\Documents\\Visual Studio 2008\\Projects\\PhilipsHue\\PhilipsHue\\bin\PhilipsHue.clz...
27/01/2017 2:27:01 PM, Info: Saving project information...
27/01/2017 2:27:02 PM, Info: Commiting verification transaction...
27/01/2017 2:27:02 PM, Info: Saving project information...
27/01/2017 2:36:09 PM, Info: Initializing SIMPLSharp Services...
27/01/2017 2:36:09 PM, Info: ProjectInfo successfully initialized.
27/01/2017 2:36:09 PM, Info: Verifying archive C:\\Users\\mklucznyk\\Documents\\Visual Studio 2008\\Projects\\PhilipsHue\\PhilipsHue\\bin\PhilipsHue.clz...
27/01/2017 2:36:11 PM, Info: Saving project information...
27/01/2017 2:36:13 PM, Info: Commiting verification transaction...
27/01/2017 2:36:13 PM, Info: Saving project information...
27/01/2017 4:41:24 PM, Info: Terminating SIMPLSharp Services
27/01/2017 4:41:24 PM, Info: Saving project information...
27/01/2017 4:41:24 PM, Info: Terminating SIMPLSharp Services
27/01/2017 4:41:24 PM, Info: Saving project information...
27/01/2017 4:41:24 PM, Info: Terminating SIMPLSharp Services
27/01/2017 4:41:24 PM, Info: Saving project information...
27/01/2017 4:41:24 PM, Info: Terminating SIMPLSharp Services
27/01/2017 4:41:24 PM, Info: Saving project information...
27/01/2017 4:41:24 PM, Info: Terminating SIMPLSharp Services
27/01/2017 4:41:24 PM, Info: Saving project information...
27/01/2017 4:41:24 PM, Info: Terminating SIMPLSharp Services
27/01/2017 4:41:24 PM, Info: Saving project information...
27/01/2017 4:41:24 PM, Info: Terminating SIMPLSharp Services
27/01/2017 4:41:24 PM, Info: Saving project information...
27/01/2017 4:41:24 PM, Info: Terminating SIMPLSharp Services
27/01/2017 4:41:24 PM, Info: Saving project information...
27/01/2017 4:41:24 PM, Info: Terminating SIMPLSharp Services
27/01/2017 4:41:24 PM, Info: Saving project information...
27/01/2017 4:41:24 PM, Info: Terminating SIMPLSharp Services
27/01/2017 4:41:24 PM, Info: Saving project information...
27/01/2017 4:41:24 PM, Info: Terminating SIMPLSharp Services
27/01/2017 4:41:24 PM, Info: Saving project information...
27/01/2017 4:41:24 PM, Info: Terminating SIMPLSharp Services
27/01/2017 4:41:24 PM, Info: Saving project information...
27/01/2017 4:41:24 PM, Info: Terminating SIMPLSharp Services
27/01/2017 4:41:24 PM, Info: Saving project information...
27/01/2017 4:41:24 PM, Info: Terminating SIMPLSharp Services
27/01/2017 4:41:24 PM, Info: Saving project information...
27/01/2017 4:41:24 PM, Info: Terminating SIMPLSharp Services
