23/02/2017 3:21:26 PM, Info: Initializing SIMPLSharp Services...
23/02/2017 3:21:26 PM, Info: ProjectInfo successfully initialized.
23/02/2017 3:21:26 PM, Info: Verifying archive C:\\Users\\mklucznyk\\Documents\\Visual Studio 2008\\Projects\\PhilipsHue\\PhilipsHue\\bin\PhilipsHue.clz...
23/02/2017 3:22:09 PM, Info: Initializing SIMPLSharp Services...
23/02/2017 3:22:09 PM, Info: ProjectInfo successfully initialized.
23/02/2017 3:22:10 PM, Info: Verifying archive C:\\Users\\mklucznyk\\Documents\\Visual Studio 2008\\Projects\\PhilipsHue\\PhilipsHue\\bin\PhilipsHue.clz...
23/02/2017 3:23:05 PM, Info: Initializing SIMPLSharp Services...
23/02/2017 3:23:05 PM, Info: ProjectInfo successfully initialized.
23/02/2017 3:23:05 PM, Info: Verifying archive C:\\Users\\mklucznyk\\Documents\\Visual Studio 2008\\Projects\\PhilipsHue\\PhilipsHue\\bin\PhilipsHue.clz...
23/02/2017 3:23:06 PM, Info: Saving project information...
23/02/2017 3:23:23 PM, Info: Initializing SIMPLSharp Services...
23/02/2017 3:23:23 PM, Info: ProjectInfo successfully initialized.
23/02/2017 3:23:23 PM, Info: Verifying archive C:\\Users\\mklucznyk\\Documents\\Visual Studio 2008\\Projects\\PhilipsHue\\PhilipsHue\\bin\PhilipsHue.clz...
23/02/2017 3:23:23 PM, Info: Saving project information...
23/02/2017 3:26:53 PM, Info: Initializing SIMPLSharp Services...
23/02/2017 3:26:53 PM, Info: ProjectInfo successfully initialized.
23/02/2017 3:26:53 PM, Info: Verifying archive C:\\Users\\mklucznyk\\Documents\\Visual Studio 2008\\Projects\\PhilipsHue\\PhilipsHue\\bin\PhilipsHue.clz...
23/02/2017 3:26:54 PM, Info: Saving project information...
23/02/2017 3:29:08 PM, Info: Initializing SIMPLSharp Services...
23/02/2017 3:29:08 PM, Info: ProjectInfo successfully initialized.
23/02/2017 3:29:09 PM, Info: Verifying archive C:\\Users\\mklucznyk\\Documents\\Visual Studio 2008\\Projects\\PhilipsHue\\PhilipsHue\\bin\PhilipsHue.clz...
23/02/2017 3:29:10 PM, Info: Saving project information...
23/02/2017 3:29:35 PM, Info: Initializing SIMPLSharp Services...
23/02/2017 3:29:35 PM, Info: ProjectInfo successfully initialized.
23/02/2017 3:29:35 PM, Info: Verifying archive C:\\Users\\mklucznyk\\Documents\\Visual Studio 2008\\Projects\\PhilipsHue\\PhilipsHue\\bin\PhilipsHue.clz...
23/02/2017 3:29:35 PM, Info: Saving project information...
23/02/2017 8:50:12 PM, Info: Initializing SIMPLSharp Services...
23/02/2017 8:50:12 PM, Info: ProjectInfo successfully initialized.
23/02/2017 8:50:13 PM, Info: Verifying archive C:\\Users\\mklucznyk\\Documents\\Visual Studio 2008\\Projects\\PhilipsHue\\PhilipsHue\\bin\PhilipsHue.clz...
23/02/2017 8:50:13 PM, Info: Saving project information...
23/02/2017 8:50:19 PM, Info: Terminating SIMPLSharp Services
23/02/2017 8:50:19 PM, Info: Saving project information...
23/02/2017 8:50:19 PM, Info: Terminating SIMPLSharp Services
23/02/2017 8:50:19 PM, Info: Saving project information...
23/02/2017 8:50:19 PM, Info: Terminating SIMPLSharp Services
23/02/2017 8:50:19 PM, Info: Saving project information...
23/02/2017 8:50:19 PM, Info: Terminating SIMPLSharp Services
23/02/2017 8:50:19 PM, Info: Saving project information...
23/02/2017 8:50:19 PM, Info: Terminating SIMPLSharp Services
23/02/2017 8:50:19 PM, Info: Saving project information...
23/02/2017 8:50:19 PM, Info: Terminating SIMPLSharp Services
23/02/2017 8:50:19 PM, Info: Saving project information...
23/02/2017 8:50:19 PM, Info: Terminating SIMPLSharp Services
23/02/2017 8:50:19 PM, Info: Saving project information...
23/02/2017 8:50:19 PM, Info: Terminating SIMPLSharp Services
