14/02/2017 6:20:17 PM, Info: Initializing SIMPLSharp Services...
14/02/2017 6:20:18 PM, Info: ProjectInfo successfully initialized.
14/02/2017 6:20:18 PM, Info: Verifying archive C:\\Users\\mklucznyk\\Documents\\Visual Studio 2008\\Projects\\PhilipsHue\\PhilipsHue\\bin\PhilipsHue.clz...
14/02/2017 6:20:20 PM, Info: Saving project information...
14/02/2017 6:20:32 PM, Info: Initializing SIMPLSharp Services...
14/02/2017 6:20:32 PM, Info: ProjectInfo successfully initialized.
14/02/2017 6:20:32 PM, Info: Verifying archive C:\\Users\\mklucznyk\\Documents\\Visual Studio 2008\\Projects\\PhilipsHue\\PhilipsHue\\bin\PhilipsHue.clz...
14/02/2017 6:20:33 PM, Info: Saving project information...
14/02/2017 6:39:11 PM, Info: Initializing SIMPLSharp Services...
14/02/2017 6:39:11 PM, Info: ProjectInfo successfully initialized.
14/02/2017 6:39:11 PM, Info: Verifying archive C:\\Users\\mklucznyk\\Documents\\Visual Studio 2008\\Projects\\PhilipsHue\\PhilipsHue\\bin\PhilipsHue.clz...
14/02/2017 6:39:12 PM, Info: Saving project information...
14/02/2017 7:13:00 PM, Info: Initializing SIMPLSharp Services...
14/02/2017 7:13:00 PM, Info: ProjectInfo successfully initialized.
14/02/2017 7:13:01 PM, Info: Verifying archive C:\\Users\\mklucznyk\\Documents\\Visual Studio 2008\\Projects\\PhilipsHue\\PhilipsHue\\bin\PhilipsHue.clz...
14/02/2017 7:13:02 PM, Info: Saving project information...
14/02/2017 7:13:12 PM, Info: Initializing SIMPLSharp Services...
14/02/2017 7:13:12 PM, Info: ProjectInfo successfully initialized.
14/02/2017 7:13:12 PM, Info: Verifying archive C:\\Users\\mklucznyk\\Documents\\Visual Studio 2008\\Projects\\PhilipsHue\\PhilipsHue\\bin\PhilipsHue.clz...
14/02/2017 7:13:13 PM, Info: Saving project information...
14/02/2017 7:52:51 PM, Info: Initializing SIMPLSharp Services...
14/02/2017 7:52:51 PM, Info: ProjectInfo successfully initialized.
14/02/2017 7:52:51 PM, Info: Verifying archive C:\\Users\\mklucznyk\\Documents\\Visual Studio 2008\\Projects\\PhilipsHue\\PhilipsHue\\bin\PhilipsHue.clz...
14/02/2017 7:52:52 PM, Info: Saving project information...
14/02/2017 7:53:21 PM, Info: Initializing SIMPLSharp Services...
14/02/2017 7:53:21 PM, Info: ProjectInfo successfully initialized.
14/02/2017 7:53:21 PM, Info: Verifying archive C:\\Users\\mklucznyk\\Documents\\Visual Studio 2008\\Projects\\PhilipsHue\\PhilipsHue\\bin\PhilipsHue.clz...
14/02/2017 7:53:22 PM, Info: Saving project information...
14/02/2017 7:53:27 PM, Info: Initializing SIMPLSharp Services...
14/02/2017 7:53:27 PM, Info: ProjectInfo successfully initialized.
14/02/2017 7:53:27 PM, Info: Verifying archive C:\\Users\\mklucznyk\\Documents\\Visual Studio 2008\\Projects\\PhilipsHue\\PhilipsHue\\bin\PhilipsHue.clz...
14/02/2017 7:53:27 PM, Info: Saving project information...
14/02/2017 8:32:14 PM, Info: Terminating SIMPLSharp Services
14/02/2017 8:32:14 PM, Info: Saving project information...
14/02/2017 8:32:14 PM, Info: Terminating SIMPLSharp Services
14/02/2017 8:32:14 PM, Info: Saving project information...
14/02/2017 8:32:14 PM, Info: Terminating SIMPLSharp Services
14/02/2017 8:32:14 PM, Info: Saving project information...
14/02/2017 8:32:14 PM, Info: Terminating SIMPLSharp Services
14/02/2017 8:32:14 PM, Info: Saving project information...
14/02/2017 8:32:14 PM, Info: Terminating SIMPLSharp Services
14/02/2017 8:32:14 PM, Info: Saving project information...
14/02/2017 8:32:14 PM, Info: Terminating SIMPLSharp Services
14/02/2017 8:32:14 PM, Info: Saving project information...
14/02/2017 8:32:14 PM, Info: Terminating SIMPLSharp Services
14/02/2017 8:32:14 PM, Info: Saving project information...
14/02/2017 8:32:14 PM, Info: Terminating SIMPLSharp Services
