01/02/2017 3:04:58 PM, Info: Initializing SIMPLSharp Services...
01/02/2017 3:04:58 PM, Info: ProjectInfo successfully initialized.
01/02/2017 3:04:58 PM, Info: Verifying archive C:\\Users\\mklucznyk\\Documents\\Visual Studio 2008\\Projects\\PhilipsHue\\PhilipsHue\\bin\PhilipsHue.clz...
01/02/2017 3:04:59 PM, Info: Saving project information...
01/02/2017 3:05:25 PM, Info: Initializing SIMPLSharp Services...
01/02/2017 3:05:25 PM, Info: ProjectInfo successfully initialized.
01/02/2017 3:05:25 PM, Info: Verifying archive C:\\Users\\mklucznyk\\Documents\\Visual Studio 2008\\Projects\\PhilipsHue\\PhilipsHue\\bin\PhilipsHue.clz...
01/02/2017 3:05:27 PM, Info: Saving project information...
01/02/2017 3:06:39 PM, Info: Initializing SIMPLSharp Services...
01/02/2017 3:06:39 PM, Info: ProjectInfo successfully initialized.
01/02/2017 3:06:39 PM, Info: Verifying archive C:\\Users\\mklucznyk\\Documents\\Visual Studio 2008\\Projects\\PhilipsHue\\PhilipsHue\\bin\PhilipsHue.clz...
01/02/2017 3:06:40 PM, Info: Saving project information...
01/02/2017 3:40:34 PM, Info: Initializing SIMPLSharp Services...
01/02/2017 3:40:34 PM, Info: ProjectInfo successfully initialized.
01/02/2017 3:40:34 PM, Info: Verifying archive C:\\Users\\mklucznyk\\Documents\\Visual Studio 2008\\Projects\\PhilipsHue\\PhilipsHue\\bin\PhilipsHue.clz...
01/02/2017 3:40:35 PM, Info: Saving project information...
01/02/2017 3:41:27 PM, Info: Initializing SIMPLSharp Services...
01/02/2017 3:41:27 PM, Info: ProjectInfo successfully initialized.
01/02/2017 3:41:27 PM, Info: Verifying archive C:\\Users\\mklucznyk\\Documents\\Visual Studio 2008\\Projects\\PhilipsHue\\PhilipsHue\\bin\PhilipsHue.clz...
01/02/2017 3:41:27 PM, Info: Saving project information...
01/02/2017 3:42:18 PM, Info: Initializing SIMPLSharp Services...
01/02/2017 3:42:18 PM, Info: ProjectInfo successfully initialized.
01/02/2017 3:42:18 PM, Info: Verifying archive C:\\Users\\mklucznyk\\Documents\\Visual Studio 2008\\Projects\\PhilipsHue\\PhilipsHue\\bin\PhilipsHue.clz...
01/02/2017 3:42:18 PM, Info: Saving project information...
01/02/2017 3:42:52 PM, Info: Terminating SIMPLSharp Services
01/02/2017 3:42:52 PM, Info: Saving project information...
01/02/2017 3:42:52 PM, Info: Terminating SIMPLSharp Services
01/02/2017 3:42:52 PM, Info: Saving project information...
01/02/2017 3:42:52 PM, Info: Terminating SIMPLSharp Services
01/02/2017 3:42:52 PM, Info: Saving project information...
01/02/2017 3:42:52 PM, Info: Terminating SIMPLSharp Services
01/02/2017 3:42:52 PM, Info: Saving project information...
01/02/2017 3:42:52 PM, Info: Terminating SIMPLSharp Services
01/02/2017 3:42:52 PM, Info: Saving project information...
01/02/2017 3:42:52 PM, Info: Terminating SIMPLSharp Services
