30/01/2017 2:50:31 PM, Info: Initializing SIMPLSharp Services...
30/01/2017 2:50:31 PM, Info: ProjectInfo successfully initialized.
30/01/2017 2:50:31 PM, Info: Verifying archive C:\\Users\\mklucznyk\\Documents\\Visual Studio 2008\\Projects\\PhilipsHue\\PhilipsHue\\bin\PhilipsHue.clz...
30/01/2017 2:50:32 PM, Info: Saving project information...
30/01/2017 2:50:33 PM, Info: Verifying archive C:\\Users\\mklucznyk\\Documents\\Visual Studio 2008\\Projects\\PhilipsHue\\PhilipsHue\\bin\PhilipsHue.clz...
30/01/2017 2:50:33 PM, Info: Saving project information...
30/01/2017 2:50:33 PM, Info: Commiting verification transaction...
30/01/2017 2:50:33 PM, Info: Saving project information...
30/01/2017 2:54:58 PM, Info: Initializing SIMPLSharp Services...
30/01/2017 2:54:58 PM, Info: ProjectInfo successfully initialized.
30/01/2017 2:54:58 PM, Info: Verifying archive C:\\Users\\mklucznyk\\Documents\\Visual Studio 2008\\Projects\\PhilipsHue\\PhilipsHue\\bin\PhilipsHue.clz...
30/01/2017 2:54:59 PM, Info: Saving project information...
30/01/2017 2:55:01 PM, Info: Verifying archive C:\\Users\\mklucznyk\\Documents\\Visual Studio 2008\\Projects\\PhilipsHue\\PhilipsHue\\bin\PhilipsHue.clz...
30/01/2017 2:55:01 PM, Info: Saving project information...
30/01/2017 2:55:01 PM, Info: Commiting verification transaction...
30/01/2017 2:55:01 PM, Info: Saving project information...
30/01/2017 3:02:13 PM, Info: Initializing SIMPLSharp Services...
30/01/2017 3:02:13 PM, Info: ProjectInfo successfully initialized.
30/01/2017 3:02:13 PM, Info: Verifying archive C:\\Users\\mklucznyk\\Documents\\Visual Studio 2008\\Projects\\PhilipsHue\\PhilipsHue\\bin\PhilipsHue.clz...
30/01/2017 3:02:14 PM, Info: Saving project information...
30/01/2017 3:02:15 PM, Info: Verifying archive C:\\Users\\mklucznyk\\Documents\\Visual Studio 2008\\Projects\\PhilipsHue\\PhilipsHue\\bin\PhilipsHue.clz...
30/01/2017 3:02:15 PM, Info: Saving project information...
30/01/2017 3:02:16 PM, Info: Commiting verification transaction...
30/01/2017 3:02:16 PM, Info: Saving project information...
30/01/2017 3:13:21 PM, Info: Initializing SIMPLSharp Services...
30/01/2017 3:13:21 PM, Info: ProjectInfo successfully initialized.
30/01/2017 3:13:21 PM, Info: Verifying archive C:\\Users\\mklucznyk\\Documents\\Visual Studio 2008\\Projects\\PhilipsHue\\PhilipsHue\\bin\PhilipsHue.clz...
30/01/2017 3:13:24 PM, Info: Saving project information...
30/01/2017 3:13:25 PM, Info: Verifying archive C:\\Users\\mklucznyk\\Documents\\Visual Studio 2008\\Projects\\PhilipsHue\\PhilipsHue\\bin\PhilipsHue.clz...
30/01/2017 3:13:25 PM, Info: Saving project information...
30/01/2017 3:13:26 PM, Info: Commiting verification transaction...
30/01/2017 3:13:26 PM, Info: Saving project information...
30/01/2017 3:25:43 PM, Info: Initializing SIMPLSharp Services...
30/01/2017 3:25:43 PM, Info: ProjectInfo successfully initialized.
30/01/2017 3:25:43 PM, Info: Verifying archive C:\\Users\\mklucznyk\\Documents\\Visual Studio 2008\\Projects\\PhilipsHue\\PhilipsHue\\bin\PhilipsHue.clz...
30/01/2017 3:25:44 PM, Info: Saving project information...
30/01/2017 3:25:45 PM, Info: Verifying archive C:\\Users\\mklucznyk\\Documents\\Visual Studio 2008\\Projects\\PhilipsHue\\PhilipsHue\\bin\PhilipsHue.clz...
30/01/2017 3:25:46 PM, Info: Saving project information...
30/01/2017 3:25:46 PM, Info: Commiting verification transaction...
30/01/2017 3:25:46 PM, Info: Saving project information...
30/01/2017 3:33:19 PM, Info: Terminating SIMPLSharp Services
30/01/2017 3:33:19 PM, Info: Saving project information...
30/01/2017 3:33:19 PM, Info: Terminating SIMPLSharp Services
30/01/2017 3:33:19 PM, Info: Saving project information...
30/01/2017 3:33:19 PM, Info: Terminating SIMPLSharp Services
30/01/2017 3:33:19 PM, Info: Saving project information...
30/01/2017 3:33:19 PM, Info: Terminating SIMPLSharp Services
30/01/2017 3:33:19 PM, Info: Saving project information...
30/01/2017 3:33:19 PM, Info: Terminating SIMPLSharp Services
