28/06/2017 6:08:53 PM, Info: Initializing SIMPLSharp Services...
28/06/2017 6:08:53 PM, Info: ProjectInfo successfully initialized.
28/06/2017 6:08:54 PM, Info: Verifying archive C:\\Users\\mklucznyk\\Dropbox (Personal)\\VS Projects\\PhilipsHue\\PhilipsHue\bin\PhilipsHue.clz...
28/06/2017 6:08:55 PM, Info: Saving project information...
28/06/2017 6:08:56 PM, Info: Commiting verification transaction...
28/06/2017 6:08:56 PM, Info: Saving project information...
28/06/2017 6:11:10 PM, Info: Initializing SIMPLSharp Services...
28/06/2017 6:11:10 PM, Info: ProjectInfo successfully initialized.
28/06/2017 6:11:10 PM, Info: Verifying archive C:\\Users\\mklucznyk\\Dropbox (Personal)\\VS Projects\\PhilipsHue\\PhilipsHue\bin\PhilipsHue.clz...
28/06/2017 6:11:11 PM, Info: Saving project information...
28/06/2017 6:11:12 PM, Info: Commiting verification transaction...
28/06/2017 6:11:12 PM, Info: Saving project information...
28/06/2017 6:16:27 PM, Info: Initializing SIMPLSharp Services...
28/06/2017 6:16:27 PM, Info: ProjectInfo successfully initialized.
28/06/2017 6:16:28 PM, Info: Verifying archive C:\\Users\\mklucznyk\\Dropbox (Personal)\\VS Projects\\PhilipsHue\\PhilipsHue\bin\PhilipsHue.clz...
28/06/2017 6:16:28 PM, Info: Saving project information...
28/06/2017 6:16:30 PM, Info: Commiting verification transaction...
28/06/2017 6:16:30 PM, Info: Saving project information...
28/06/2017 6:18:57 PM, Info: Initializing SIMPLSharp Services...
28/06/2017 6:18:57 PM, Info: ProjectInfo successfully initialized.
28/06/2017 6:18:57 PM, Info: Verifying archive C:\\Users\\mklucznyk\\Dropbox (Personal)\\VS Projects\\PhilipsHue\\PhilipsHue\bin\PhilipsHue.clz...
28/06/2017 6:19:01 PM, Info: Saving project information...
28/06/2017 6:19:05 PM, Info: Commiting verification transaction...
28/06/2017 6:19:05 PM, Info: Saving project information...
28/06/2017 6:26:33 PM, Info: Initializing SIMPLSharp Services...
28/06/2017 6:26:33 PM, Info: ProjectInfo successfully initialized.
28/06/2017 6:26:33 PM, Info: Verifying archive C:\\Users\\mklucznyk\\Dropbox (Personal)\\VS Projects\\PhilipsHue\\PhilipsHue\bin\PhilipsHue.clz...
28/06/2017 6:26:34 PM, Info: Saving project information...
28/06/2017 6:26:41 PM, Info: Commiting verification transaction...
28/06/2017 6:26:41 PM, Info: Saving project information...
28/06/2017 6:28:30 PM, Info: Initializing SIMPLSharp Services...
28/06/2017 6:28:30 PM, Info: ProjectInfo successfully initialized.
28/06/2017 6:28:30 PM, Info: Verifying archive C:\\Users\\mklucznyk\\Dropbox (Personal)\\VS Projects\\PhilipsHue\\PhilipsHue\bin\PhilipsHue.clz...
28/06/2017 6:28:31 PM, Info: Saving project information...
28/06/2017 6:28:33 PM, Info: Commiting verification transaction...
28/06/2017 6:28:33 PM, Info: Saving project information...
28/06/2017 6:35:06 PM, Info: Initializing SIMPLSharp Services...
28/06/2017 6:35:06 PM, Info: ProjectInfo successfully initialized.
28/06/2017 6:35:06 PM, Info: Verifying archive C:\\Users\\mklucznyk\\Dropbox (Personal)\\VS Projects\\PhilipsHue\\PhilipsHue\bin\PhilipsHue.clz...
28/06/2017 6:35:10 PM, Info: Saving project information...
28/06/2017 6:35:15 PM, Info: Commiting verification transaction...
28/06/2017 6:35:15 PM, Info: Saving project information...
28/06/2017 6:43:49 PM, Info: Initializing SIMPLSharp Services...
28/06/2017 6:43:49 PM, Info: ProjectInfo successfully initialized.
28/06/2017 6:43:49 PM, Info: Verifying archive C:\\Users\\mklucznyk\\Dropbox (Personal)\\VS Projects\\PhilipsHue\\PhilipsHue\bin\PhilipsHue.clz...
28/06/2017 6:43:50 PM, Info: Saving project information...
28/06/2017 6:43:51 PM, Info: Commiting verification transaction...
28/06/2017 6:43:51 PM, Info: Saving project information...
28/06/2017 6:53:31 PM, Info: Initializing SIMPLSharp Services...
28/06/2017 6:53:31 PM, Info: ProjectInfo successfully initialized.
28/06/2017 6:53:32 PM, Info: Verifying archive C:\\Users\\mklucznyk\\Dropbox (Personal)\\VS Projects\\PhilipsHue\\PhilipsHue\bin\PhilipsHue.clz...
28/06/2017 6:53:33 PM, Info: Saving project information...
28/06/2017 6:53:34 PM, Info: Commiting verification transaction...
28/06/2017 6:53:34 PM, Info: Saving project information...
28/06/2017 6:57:35 PM, Info: Initializing SIMPLSharp Services...
28/06/2017 6:57:35 PM, Info: ProjectInfo successfully initialized.
28/06/2017 6:57:36 PM, Info: Verifying archive C:\\Users\\mklucznyk\\Dropbox (Personal)\\VS Projects\\PhilipsHue\\PhilipsHue\bin\PhilipsHue.clz...
28/06/2017 6:57:36 PM, Info: Saving project information...
28/06/2017 6:57:37 PM, Info: Commiting verification transaction...
28/06/2017 6:57:37 PM, Info: Saving project information...
28/06/2017 7:03:57 PM, Info: Initializing SIMPLSharp Services...
28/06/2017 7:03:57 PM, Info: ProjectInfo successfully initialized.
28/06/2017 7:03:57 PM, Info: Verifying archive C:\\Users\\mklucznyk\\Dropbox (Personal)\\VS Projects\\PhilipsHue\\PhilipsHue\bin\PhilipsHue.clz...
28/06/2017 7:04:01 PM, Info: Saving project information...
28/06/2017 7:04:06 PM, Info: Commiting verification transaction...
28/06/2017 7:04:06 PM, Info: Saving project information...
28/06/2017 7:08:54 PM, Info: Initializing SIMPLSharp Services...
28/06/2017 7:08:54 PM, Info: ProjectInfo successfully initialized.
28/06/2017 7:08:55 PM, Info: Verifying archive C:\\Users\\mklucznyk\\Dropbox (Personal)\\VS Projects\\PhilipsHue\\PhilipsHue\bin\PhilipsHue.clz...
28/06/2017 7:08:55 PM, Info: Saving project information...
28/06/2017 7:08:56 PM, Info: Commiting verification transaction...
28/06/2017 7:08:56 PM, Info: Saving project information...
28/06/2017 7:12:20 PM, Info: Terminating SIMPLSharp Services
28/06/2017 7:12:20 PM, Info: Saving project information...
28/06/2017 7:12:20 PM, Info: Terminating SIMPLSharp Services
28/06/2017 7:12:20 PM, Info: Saving project information...
28/06/2017 7:12:20 PM, Info: Terminating SIMPLSharp Services
28/06/2017 7:12:20 PM, Info: Saving project information...
28/06/2017 7:12:20 PM, Info: Terminating SIMPLSharp Services
28/06/2017 7:12:20 PM, Info: Saving project information...
28/06/2017 7:12:20 PM, Info: Terminating SIMPLSharp Services
28/06/2017 7:12:20 PM, Info: Saving project information...
28/06/2017 7:12:20 PM, Info: Terminating SIMPLSharp Services
28/06/2017 7:12:20 PM, Info: Saving project information...
28/06/2017 7:12:20 PM, Info: Terminating SIMPLSharp Services
28/06/2017 7:12:20 PM, Info: Saving project information...
28/06/2017 7:12:20 PM, Info: Terminating SIMPLSharp Services
28/06/2017 7:12:20 PM, Info: Saving project information...
28/06/2017 7:12:20 PM, Info: Terminating SIMPLSharp Services
28/06/2017 7:12:20 PM, Info: Saving project information...
28/06/2017 7:12:20 PM, Info: Terminating SIMPLSharp Services
28/06/2017 7:12:20 PM, Info: Saving project information...
28/06/2017 7:12:20 PM, Info: Terminating SIMPLSharp Services
28/06/2017 7:12:20 PM, Info: Saving project information...
28/06/2017 7:12:20 PM, Info: Terminating SIMPLSharp Services
