14/02/2017 11:23:55 AM, Info: Initializing SIMPLSharp Services...
14/02/2017 11:23:56 AM, Info: ProjectInfo successfully initialized.
14/02/2017 11:23:56 AM, Info: Verifying archive C:\\Users\\mklucznyk\\Documents\\Visual Studio 2008\\Projects\\PhilipsHue\\PhilipsHue\\bin\PhilipsHue.clz...
14/02/2017 11:23:58 AM, Info: Saving project information...
14/02/2017 11:23:59 AM, Info: Verifying archive C:\\Users\\mklucznyk\\Documents\\Visual Studio 2008\\Projects\\PhilipsHue\\PhilipsHue\\bin\PhilipsHue.clz...
14/02/2017 11:23:59 AM, Info: Saving project information...
14/02/2017 11:24:01 AM, Info: Verifying archive C:\\Users\\mklucznyk\\Documents\\Visual Studio 2008\\Projects\\PhilipsHue\\PhilipsHue\\bin\PhilipsHue.clz...
14/02/2017 11:24:01 AM, Info: Saving project information...
14/02/2017 11:24:03 AM, Info: Commiting verification transaction...
14/02/2017 11:24:03 AM, Info: Saving project information...
14/02/2017 11:36:51 AM, Info: Initializing SIMPLSharp Services...
14/02/2017 11:36:51 AM, Info: ProjectInfo successfully initialized.
14/02/2017 11:36:51 AM, Info: Verifying archive C:\\Users\\mklucznyk\\Documents\\Visual Studio 2008\\Projects\\PhilipsHue\\PhilipsHue\\bin\PhilipsHue.clz...
14/02/2017 11:36:53 AM, Info: Saving project information...
14/02/2017 11:36:54 AM, Info: Verifying archive C:\\Users\\mklucznyk\\Documents\\Visual Studio 2008\\Projects\\PhilipsHue\\PhilipsHue\\bin\PhilipsHue.clz...
14/02/2017 11:36:55 AM, Info: Saving project information...
14/02/2017 11:36:55 AM, Info: Verifying archive C:\\Users\\mklucznyk\\Documents\\Visual Studio 2008\\Projects\\PhilipsHue\\PhilipsHue\\bin\PhilipsHue.clz...
14/02/2017 11:36:56 AM, Info: Saving project information...
14/02/2017 11:36:56 AM, Info: Commiting verification transaction...
14/02/2017 11:36:56 AM, Info: Saving project information...
14/02/2017 11:43:47 AM, Info: Initializing SIMPLSharp Services...
14/02/2017 11:43:47 AM, Info: ProjectInfo successfully initialized.
14/02/2017 11:43:47 AM, Info: Verifying archive C:\\Users\\mklucznyk\\Documents\\Visual Studio 2008\\Projects\\PhilipsHue\\PhilipsHue\\bin\PhilipsHue.clz...
14/02/2017 11:43:48 AM, Info: Saving project information...
14/02/2017 11:43:50 AM, Info: Verifying archive C:\\Users\\mklucznyk\\Documents\\Visual Studio 2008\\Projects\\PhilipsHue\\PhilipsHue\\bin\PhilipsHue.clz...
14/02/2017 11:43:50 AM, Info: Saving project information...
14/02/2017 11:43:50 AM, Info: Verifying archive C:\\Users\\mklucznyk\\Documents\\Visual Studio 2008\\Projects\\PhilipsHue\\PhilipsHue\\bin\PhilipsHue.clz...
14/02/2017 11:43:51 AM, Info: Saving project information...
14/02/2017 11:43:51 AM, Info: Commiting verification transaction...
14/02/2017 11:43:51 AM, Info: Saving project information...
14/02/2017 11:50:28 AM, Info: Initializing SIMPLSharp Services...
14/02/2017 11:50:28 AM, Info: ProjectInfo successfully initialized.
14/02/2017 11:50:28 AM, Info: Verifying archive C:\\Users\\mklucznyk\\Documents\\Visual Studio 2008\\Projects\\PhilipsHue\\PhilipsHue\\bin\PhilipsHue.clz...
14/02/2017 11:50:30 AM, Info: Saving project information...
14/02/2017 11:50:32 AM, Info: Verifying archive C:\\Users\\mklucznyk\\Documents\\Visual Studio 2008\\Projects\\PhilipsHue\\PhilipsHue\\bin\PhilipsHue.clz...
14/02/2017 11:50:32 AM, Info: Saving project information...
14/02/2017 11:50:32 AM, Info: Verifying archive C:\\Users\\mklucznyk\\Documents\\Visual Studio 2008\\Projects\\PhilipsHue\\PhilipsHue\\bin\PhilipsHue.clz...
14/02/2017 11:50:33 AM, Info: Saving project information...
14/02/2017 11:50:33 AM, Info: Commiting verification transaction...
14/02/2017 11:50:33 AM, Info: Saving project information...
14/02/2017 11:58:26 AM, Info: Initializing SIMPLSharp Services...
14/02/2017 11:58:26 AM, Info: ProjectInfo successfully initialized.
14/02/2017 11:58:26 AM, Info: Verifying archive C:\\Users\\mklucznyk\\Documents\\Visual Studio 2008\\Projects\\PhilipsHue\\PhilipsHue\\bin\PhilipsHue.clz...
14/02/2017 11:58:28 AM, Info: Saving project information...
14/02/2017 11:58:29 AM, Info: Verifying archive C:\\Users\\mklucznyk\\Documents\\Visual Studio 2008\\Projects\\PhilipsHue\\PhilipsHue\\bin\PhilipsHue.clz...
14/02/2017 11:58:30 AM, Info: Saving project information...
14/02/2017 11:58:31 AM, Info: Verifying archive C:\\Users\\mklucznyk\\Documents\\Visual Studio 2008\\Projects\\PhilipsHue\\PhilipsHue\\bin\PhilipsHue.clz...
14/02/2017 11:58:32 AM, Info: Saving project information...
14/02/2017 11:58:36 AM, Info: Commiting verification transaction...
14/02/2017 11:58:36 AM, Info: Saving project information...
14/02/2017 12:07:30 PM, Info: Initializing SIMPLSharp Services...
14/02/2017 12:07:30 PM, Info: ProjectInfo successfully initialized.
14/02/2017 12:07:31 PM, Info: Verifying archive C:\\Users\\mklucznyk\\Documents\\Visual Studio 2008\\Projects\\PhilipsHue\\PhilipsHue\\bin\PhilipsHue.clz...
14/02/2017 12:07:32 PM, Info: Saving project information...
14/02/2017 12:07:34 PM, Info: Verifying archive C:\\Users\\mklucznyk\\Documents\\Visual Studio 2008\\Projects\\PhilipsHue\\PhilipsHue\\bin\PhilipsHue.clz...
14/02/2017 12:07:34 PM, Info: Saving project information...
14/02/2017 12:07:35 PM, Info: Verifying archive C:\\Users\\mklucznyk\\Documents\\Visual Studio 2008\\Projects\\PhilipsHue\\PhilipsHue\\bin\PhilipsHue.clz...
14/02/2017 12:07:35 PM, Info: Saving project information...
14/02/2017 12:07:36 PM, Info: Commiting verification transaction...
14/02/2017 12:07:36 PM, Info: Saving project information...
14/02/2017 12:17:37 PM, Info: Initializing SIMPLSharp Services...
14/02/2017 12:17:37 PM, Info: ProjectInfo successfully initialized.
14/02/2017 12:17:37 PM, Info: Verifying archive C:\\Users\\mklucznyk\\Documents\\Visual Studio 2008\\Projects\\PhilipsHue\\PhilipsHue\\bin\PhilipsHue.clz...
14/02/2017 12:17:39 PM, Info: Saving project information...
14/02/2017 12:17:40 PM, Info: Verifying archive C:\\Users\\mklucznyk\\Documents\\Visual Studio 2008\\Projects\\PhilipsHue\\PhilipsHue\\bin\PhilipsHue.clz...
14/02/2017 12:17:41 PM, Info: Saving project information...
14/02/2017 12:17:41 PM, Info: Verifying archive C:\\Users\\mklucznyk\\Documents\\Visual Studio 2008\\Projects\\PhilipsHue\\PhilipsHue\\bin\PhilipsHue.clz...
14/02/2017 12:17:41 PM, Info: Saving project information...
14/02/2017 12:17:42 PM, Info: Commiting verification transaction...
14/02/2017 12:17:42 PM, Info: Saving project information...
14/02/2017 12:33:22 PM, Info: Initializing SIMPLSharp Services...
14/02/2017 12:33:22 PM, Info: ProjectInfo successfully initialized.
14/02/2017 12:33:22 PM, Info: Verifying archive C:\\Users\\mklucznyk\\Documents\\Visual Studio 2008\\Projects\\PhilipsHue\\PhilipsHue\\bin\PhilipsHue.clz...
14/02/2017 12:33:24 PM, Info: Saving project information...
14/02/2017 12:33:25 PM, Info: Verifying archive C:\\Users\\mklucznyk\\Documents\\Visual Studio 2008\\Projects\\PhilipsHue\\PhilipsHue\\bin\PhilipsHue.clz...
14/02/2017 12:33:25 PM, Info: Saving project information...
14/02/2017 12:33:25 PM, Info: Verifying archive C:\\Users\\mklucznyk\\Documents\\Visual Studio 2008\\Projects\\PhilipsHue\\PhilipsHue\\bin\PhilipsHue.clz...
14/02/2017 12:33:26 PM, Info: Saving project information...
14/02/2017 12:33:26 PM, Info: Commiting verification transaction...
14/02/2017 12:33:26 PM, Info: Saving project information...
14/02/2017 2:01:31 PM, Info: Initializing SIMPLSharp Services...
14/02/2017 2:01:31 PM, Info: ProjectInfo successfully initialized.
14/02/2017 2:01:31 PM, Info: Verifying archive C:\\Users\\mklucznyk\\Documents\\Visual Studio 2008\\Projects\\PhilipsHue\\PhilipsHue\\bin\PhilipsHue.clz...
14/02/2017 2:01:32 PM, Info: Saving project information...
14/02/2017 2:01:33 PM, Info: Verifying archive C:\\Users\\mklucznyk\\Documents\\Visual Studio 2008\\Projects\\PhilipsHue\\PhilipsHue\\bin\PhilipsHue.clz...
14/02/2017 2:01:34 PM, Info: Saving project information...
14/02/2017 2:01:34 PM, Info: Commiting verification transaction...
14/02/2017 2:01:34 PM, Info: Saving project information...
14/02/2017 2:06:11 PM, Info: Terminating SIMPLSharp Services
14/02/2017 2:06:11 PM, Info: Saving project information...
14/02/2017 2:06:11 PM, Info: Terminating SIMPLSharp Services
14/02/2017 2:06:11 PM, Info: Saving project information...
14/02/2017 2:06:11 PM, Info: Terminating SIMPLSharp Services
14/02/2017 2:06:11 PM, Info: Saving project information...
14/02/2017 2:06:11 PM, Info: Terminating SIMPLSharp Services
14/02/2017 2:06:11 PM, Info: Saving project information...
14/02/2017 2:06:11 PM, Info: Terminating SIMPLSharp Services
14/02/2017 2:06:11 PM, Info: Saving project information...
14/02/2017 2:06:11 PM, Info: Terminating SIMPLSharp Services
14/02/2017 2:06:11 PM, Info: Saving project information...
14/02/2017 2:06:11 PM, Info: Terminating SIMPLSharp Services
14/02/2017 2:06:11 PM, Info: Saving project information...
14/02/2017 2:06:11 PM, Info: Terminating SIMPLSharp Services
14/02/2017 2:06:11 PM, Info: Saving project information...
14/02/2017 2:06:11 PM, Info: Terminating SIMPLSharp Services
