17/02/2017 10:44:11 AM, Info: Initializing SIMPLSharp Services...
17/02/2017 10:44:11 AM, Info: ProjectInfo successfully initialized.
17/02/2017 10:44:11 AM, Info: Verifying archive C:\\Users\\mklucznyk\\Documents\\Visual Studio 2008\\Projects\\PhilipsHue\\PhilipsHue\\bin\PhilipsHue.clz...
17/02/2017 10:44:15 AM, Info: Saving project information...
17/02/2017 10:44:19 AM, Info: Verifying archive C:\\Users\\mklucznyk\\Documents\\Visual Studio 2008\\Projects\\PhilipsHue\\PhilipsHue\\bin\PhilipsHue.clz...
17/02/2017 10:44:19 AM, Info: Saving project information...
17/02/2017 10:44:21 AM, Info: Commiting verification transaction...
17/02/2017 10:44:21 AM, Info: Saving project information...
17/02/2017 10:53:43 AM, Info: Initializing SIMPLSharp Services...
17/02/2017 10:53:43 AM, Info: ProjectInfo successfully initialized.
17/02/2017 10:53:44 AM, Info: Verifying archive C:\\Users\\mklucznyk\\Documents\\Visual Studio 2008\\Projects\\PhilipsHue\\PhilipsHue\\bin\PhilipsHue.clz...
17/02/2017 10:53:45 AM, Info: Saving project information...
17/02/2017 10:53:47 AM, Info: Verifying archive C:\\Users\\mklucznyk\\Documents\\Visual Studio 2008\\Projects\\PhilipsHue\\PhilipsHue\\bin\PhilipsHue.clz...
17/02/2017 10:53:48 AM, Info: Saving project information...
17/02/2017 10:53:48 AM, Info: Commiting verification transaction...
17/02/2017 10:53:48 AM, Info: Saving project information...
17/02/2017 11:46:45 AM, Info: Initializing SIMPLSharp Services...
17/02/2017 11:46:45 AM, Info: ProjectInfo successfully initialized.
17/02/2017 11:46:46 AM, Info: Verifying archive C:\\Users\\mklucznyk\\Documents\\Visual Studio 2008\\Projects\\PhilipsHue\\PhilipsHue\\bin\PhilipsHue.clz...
17/02/2017 11:46:48 AM, Info: Saving project information...
17/02/2017 11:46:50 AM, Info: Verifying archive C:\\Users\\mklucznyk\\Documents\\Visual Studio 2008\\Projects\\PhilipsHue\\PhilipsHue\\bin\PhilipsHue.clz...
17/02/2017 11:46:50 AM, Info: Saving project information...
17/02/2017 11:46:50 AM, Info: Commiting verification transaction...
17/02/2017 11:46:50 AM, Info: Saving project information...
17/02/2017 11:52:54 AM, Info: Initializing SIMPLSharp Services...
17/02/2017 11:52:54 AM, Info: ProjectInfo successfully initialized.
17/02/2017 11:52:54 AM, Info: Verifying archive C:\\Users\\mklucznyk\\Documents\\Visual Studio 2008\\Projects\\PhilipsHue\\PhilipsHue\\bin\PhilipsHue.clz...
17/02/2017 11:52:56 AM, Info: Saving project information...
17/02/2017 11:52:57 AM, Info: Verifying archive C:\\Users\\mklucznyk\\Documents\\Visual Studio 2008\\Projects\\PhilipsHue\\PhilipsHue\\bin\PhilipsHue.clz...
17/02/2017 11:52:58 AM, Info: Saving project information...
17/02/2017 11:52:58 AM, Info: Commiting verification transaction...
17/02/2017 11:52:58 AM, Info: Saving project information...
17/02/2017 12:00:59 PM, Info: Initializing SIMPLSharp Services...
17/02/2017 12:00:59 PM, Info: ProjectInfo successfully initialized.
17/02/2017 12:01:00 PM, Info: Verifying archive C:\\Users\\mklucznyk\\Documents\\Visual Studio 2008\\Projects\\PhilipsHue\\PhilipsHue\\bin\PhilipsHue.clz...
17/02/2017 12:01:01 PM, Info: Saving project information...
17/02/2017 12:01:03 PM, Info: Verifying archive C:\\Users\\mklucznyk\\Documents\\Visual Studio 2008\\Projects\\PhilipsHue\\PhilipsHue\\bin\PhilipsHue.clz...
17/02/2017 12:01:04 PM, Info: Saving project information...
17/02/2017 12:01:04 PM, Info: Commiting verification transaction...
17/02/2017 12:01:04 PM, Info: Saving project information...
17/02/2017 12:13:40 PM, Info: Initializing SIMPLSharp Services...
17/02/2017 12:13:40 PM, Info: ProjectInfo successfully initialized.
17/02/2017 12:13:40 PM, Info: Verifying archive C:\\Users\\mklucznyk\\Documents\\Visual Studio 2008\\Projects\\PhilipsHue\\PhilipsHue\\bin\PhilipsHue.clz...
17/02/2017 12:13:42 PM, Info: Saving project information...
17/02/2017 12:13:44 PM, Info: Verifying archive C:\\Users\\mklucznyk\\Documents\\Visual Studio 2008\\Projects\\PhilipsHue\\PhilipsHue\\bin\PhilipsHue.clz...
17/02/2017 12:13:44 PM, Info: Saving project information...
17/02/2017 12:13:45 PM, Info: Commiting verification transaction...
17/02/2017 12:13:45 PM, Info: Saving project information...
17/02/2017 12:25:35 PM, Info: Initializing SIMPLSharp Services...
17/02/2017 12:25:35 PM, Info: ProjectInfo successfully initialized.
17/02/2017 12:25:35 PM, Info: Verifying archive C:\\Users\\mklucznyk\\Documents\\Visual Studio 2008\\Projects\\PhilipsHue\\PhilipsHue\\bin\PhilipsHue.clz...
17/02/2017 12:25:37 PM, Info: Saving project information...
17/02/2017 12:25:39 PM, Info: Verifying archive C:\\Users\\mklucznyk\\Documents\\Visual Studio 2008\\Projects\\PhilipsHue\\PhilipsHue\\bin\PhilipsHue.clz...
17/02/2017 12:25:39 PM, Info: Saving project information...
17/02/2017 12:25:40 PM, Info: Commiting verification transaction...
17/02/2017 12:25:40 PM, Info: Saving project information...
17/02/2017 12:32:09 PM, Info: Initializing SIMPLSharp Services...
17/02/2017 12:32:09 PM, Info: ProjectInfo successfully initialized.
17/02/2017 12:32:09 PM, Info: Verifying archive C:\\Users\\mklucznyk\\Documents\\Visual Studio 2008\\Projects\\PhilipsHue\\PhilipsHue\\bin\PhilipsHue.clz...
17/02/2017 12:32:11 PM, Info: Saving project information...
17/02/2017 12:32:13 PM, Info: Verifying archive C:\\Users\\mklucznyk\\Documents\\Visual Studio 2008\\Projects\\PhilipsHue\\PhilipsHue\\bin\PhilipsHue.clz...
17/02/2017 12:32:13 PM, Info: Saving project information...
17/02/2017 12:32:14 PM, Info: Commiting verification transaction...
17/02/2017 12:32:14 PM, Info: Saving project information...
21/02/2017 9:15:23 AM, Info: Terminating SIMPLSharp Services
21/02/2017 9:15:23 AM, Info: Saving project information...
21/02/2017 9:15:23 AM, Info: Terminating SIMPLSharp Services
21/02/2017 9:15:23 AM, Info: Saving project information...
21/02/2017 9:15:23 AM, Info: Terminating SIMPLSharp Services
21/02/2017 9:15:23 AM, Info: Saving project information...
21/02/2017 9:15:23 AM, Info: Terminating SIMPLSharp Services
21/02/2017 9:15:23 AM, Info: Saving project information...
21/02/2017 9:15:23 AM, Info: Terminating SIMPLSharp Services
21/02/2017 9:15:23 AM, Info: Saving project information...
21/02/2017 9:15:23 AM, Info: Terminating SIMPLSharp Services
21/02/2017 9:15:23 AM, Info: Saving project information...
21/02/2017 9:15:23 AM, Info: Terminating SIMPLSharp Services
21/02/2017 9:15:23 AM, Info: Saving project information...
21/02/2017 9:15:23 AM, Info: Terminating SIMPLSharp Services
