25/01/2017 1:12:34 PM, Info: Initializing SIMPLSharp Services...
25/01/2017 1:12:34 PM, Info: ProjectInfo successfully initialized.
25/01/2017 1:12:35 PM, Info: Verifying archive C:\\Users\\mklucznyk\\Documents\\Visual Studio 2008\\Projects\\PhilipsHue\\PhilipsHue\\bin\PhilipsHue.clz...
25/01/2017 1:12:36 PM, Info: Saving project information...
25/01/2017 1:12:50 PM, Info: Initializing SIMPLSharp Services...
25/01/2017 1:12:50 PM, Info: ProjectInfo successfully initialized.
25/01/2017 1:12:50 PM, Info: Verifying archive C:\\Users\\mklucznyk\\Documents\\Visual Studio 2008\\Projects\\PhilipsHue\\PhilipsHue\\bin\PhilipsHue.clz...
25/01/2017 1:12:50 PM, Info: Saving project information...
25/01/2017 1:13:34 PM, Info: Initializing SIMPLSharp Services...
25/01/2017 1:13:34 PM, Info: ProjectInfo successfully initialized.
25/01/2017 1:13:34 PM, Info: Verifying archive C:\\Users\\mklucznyk\\Documents\\Visual Studio 2008\\Projects\\PhilipsHue\\PhilipsHue\\bin\PhilipsHue.clz...
25/01/2017 1:13:35 PM, Info: Saving project information...
25/01/2017 1:15:01 PM, Info: Initializing SIMPLSharp Services...
25/01/2017 1:15:01 PM, Info: ProjectInfo successfully initialized.
25/01/2017 1:15:01 PM, Info: Verifying archive C:\\Users\\mklucznyk\\Documents\\Visual Studio 2008\\Projects\\PhilipsHue\\PhilipsHue\\bin\PhilipsHue.clz...
25/01/2017 1:15:01 PM, Info: Saving project information...
25/01/2017 1:29:12 PM, Info: Initializing SIMPLSharp Services...
25/01/2017 1:29:12 PM, Info: ProjectInfo successfully initialized.
25/01/2017 1:29:12 PM, Info: Verifying archive C:\\Users\\mklucznyk\\Documents\\Visual Studio 2008\\Projects\\PhilipsHue\\PhilipsHue\\bin\PhilipsHue.clz...
25/01/2017 1:29:13 PM, Info: Saving project information...
25/01/2017 1:36:51 PM, Info: Initializing SIMPLSharp Services...
25/01/2017 1:36:51 PM, Info: ProjectInfo successfully initialized.
25/01/2017 1:36:51 PM, Info: Verifying archive C:\\Users\\mklucznyk\\Documents\\Visual Studio 2008\\Projects\\PhilipsHue\\PhilipsHue\\bin\PhilipsHue.clz...
25/01/2017 1:36:52 PM, Info: Saving project information...
25/01/2017 1:37:00 PM, Info: Initializing SIMPLSharp Services...
25/01/2017 1:37:00 PM, Info: ProjectInfo successfully initialized.
25/01/2017 1:37:00 PM, Info: Verifying archive C:\\Users\\mklucznyk\\Documents\\Visual Studio 2008\\Projects\\PhilipsHue\\PhilipsHue\\bin\PhilipsHue.clz...
25/01/2017 1:37:00 PM, Info: Saving project information...
25/01/2017 2:48:46 PM, Info: Initializing SIMPLSharp Services...
25/01/2017 2:48:47 PM, Info: ProjectInfo successfully initialized.
25/01/2017 2:48:47 PM, Info: Verifying archive C:\\Users\\mklucznyk\\Documents\\Visual Studio 2008\\Projects\\PhilipsHue\\PhilipsHue\\bin\PhilipsHue.clz...
25/01/2017 2:48:48 PM, Info: Saving project information...
25/01/2017 5:27:51 PM, Info: Terminating SIMPLSharp Services
25/01/2017 5:27:51 PM, Info: Saving project information...
25/01/2017 5:27:51 PM, Info: Terminating SIMPLSharp Services
25/01/2017 5:27:51 PM, Info: Saving project information...
25/01/2017 5:27:51 PM, Info: Terminating SIMPLSharp Services
25/01/2017 5:27:51 PM, Info: Saving project information...
25/01/2017 5:27:51 PM, Info: Terminating SIMPLSharp Services
25/01/2017 5:27:51 PM, Info: Saving project information...
25/01/2017 5:27:51 PM, Info: Terminating SIMPLSharp Services
25/01/2017 5:27:51 PM, Info: Saving project information...
25/01/2017 5:27:51 PM, Info: Terminating SIMPLSharp Services
25/01/2017 5:27:51 PM, Info: Saving project information...
25/01/2017 5:27:51 PM, Info: Terminating SIMPLSharp Services
25/01/2017 5:27:51 PM, Info: Saving project information...
25/01/2017 5:27:51 PM, Info: Terminating SIMPLSharp Services
