28/06/2017 6:48:22 PM, Info: Initializing SIMPLSharp Services...
28/06/2017 6:48:23 PM, Info: ProjectInfo successfully initialized.
28/06/2017 6:48:23 PM, Info: Verifying archive C:\\Users\\mklucznyk\\Dropbox (Personal)\\VS Projects\\PhilipsHue\\PhilipsHue\bin\PhilipsHue.clz...
28/06/2017 6:48:23 PM, Info: Saving project information...
28/06/2017 6:52:34 PM, Info: Initializing SIMPLSharp Services...
28/06/2017 6:52:34 PM, Info: ProjectInfo successfully initialized.
28/06/2017 6:52:35 PM, Info: Verifying archive C:\\Users\\mklucznyk\\Dropbox (Personal)\\VS Projects\\PhilipsHue\\PhilipsHue\bin\PhilipsHue.clz...
28/06/2017 6:52:35 PM, Info: Saving project information...
28/06/2017 6:56:32 PM, Info: Initializing SIMPLSharp Services...
28/06/2017 6:56:32 PM, Info: ProjectInfo successfully initialized.
28/06/2017 6:56:33 PM, Info: Verifying archive C:\\Users\\mklucznyk\\Dropbox (Personal)\\VS Projects\\PhilipsHue\\PhilipsHue\bin\PhilipsHue.clz...
28/06/2017 6:56:37 PM, Info: Saving project information...
28/06/2017 6:56:56 PM, Info: Initializing SIMPLSharp Services...
28/06/2017 6:56:56 PM, Info: ProjectInfo successfully initialized.
28/06/2017 6:56:56 PM, Info: Verifying archive C:\\Users\\mklucznyk\\Dropbox (Personal)\\VS Projects\\PhilipsHue\\PhilipsHue\bin\PhilipsHue.clz...
28/06/2017 6:56:57 PM, Info: Saving project information...
28/06/2017 6:57:14 PM, Info: Initializing SIMPLSharp Services...
28/06/2017 6:57:14 PM, Info: ProjectInfo successfully initialized.
28/06/2017 6:57:14 PM, Info: Verifying archive C:\\Users\\mklucznyk\\Dropbox (Personal)\\VS Projects\\PhilipsHue\\PhilipsHue\bin\PhilipsHue.clz...
28/06/2017 6:57:15 PM, Info: Saving project information...
28/06/2017 7:08:46 PM, Info: Initializing SIMPLSharp Services...
28/06/2017 7:08:46 PM, Info: ProjectInfo successfully initialized.
28/06/2017 7:08:46 PM, Info: Verifying archive C:\\Users\\mklucznyk\\Dropbox (Personal)\\VS Projects\\PhilipsHue\\PhilipsHue\bin\PhilipsHue.clz...
28/06/2017 7:08:47 PM, Info: Saving project information...
28/06/2017 7:12:20 PM, Info: Terminating SIMPLSharp Services
28/06/2017 7:12:20 PM, Info: Saving project information...
28/06/2017 7:12:20 PM, Info: Terminating SIMPLSharp Services
28/06/2017 7:12:20 PM, Info: Saving project information...
28/06/2017 7:12:20 PM, Info: Terminating SIMPLSharp Services
28/06/2017 7:12:20 PM, Info: Saving project information...
28/06/2017 7:12:20 PM, Info: Terminating SIMPLSharp Services
28/06/2017 7:12:20 PM, Info: Saving project information...
28/06/2017 7:12:20 PM, Info: Terminating SIMPLSharp Services
28/06/2017 7:12:20 PM, Info: Saving project information...
28/06/2017 7:12:20 PM, Info: Terminating SIMPLSharp Services
