14/02/2017 1:33:22 PM, Info: Initializing SIMPLSharp Services...
14/02/2017 1:33:22 PM, Info: ProjectInfo successfully initialized.
14/02/2017 1:33:22 PM, Info: Verifying archive C:\\Users\\mklucznyk\\Documents\\Visual Studio 2008\\Projects\\PhilipsHue\\PhilipsHue\\bin\PhilipsHue.clz...
14/02/2017 1:33:23 PM, Info: Saving project information...
14/02/2017 1:45:29 PM, Info: Initializing SIMPLSharp Services...
14/02/2017 1:45:29 PM, Info: ProjectInfo successfully initialized.
14/02/2017 1:45:29 PM, Info: Verifying archive C:\\Users\\mklucznyk\\Documents\\Visual Studio 2008\\Projects\\PhilipsHue\\PhilipsHue\\bin\PhilipsHue.clz...
14/02/2017 1:45:30 PM, Info: Saving project information...
14/02/2017 1:45:54 PM, Info: Initializing SIMPLSharp Services...
14/02/2017 1:45:54 PM, Info: ProjectInfo successfully initialized.
14/02/2017 1:45:54 PM, Info: Verifying archive C:\\Users\\mklucznyk\\Documents\\Visual Studio 2008\\Projects\\PhilipsHue\\PhilipsHue\\bin\PhilipsHue.clz...
14/02/2017 1:45:55 PM, Info: Saving project information...
14/02/2017 1:46:12 PM, Info: Initializing SIMPLSharp Services...
14/02/2017 1:46:12 PM, Info: ProjectInfo successfully initialized.
14/02/2017 1:46:12 PM, Info: Verifying archive C:\\Users\\mklucznyk\\Documents\\Visual Studio 2008\\Projects\\PhilipsHue\\PhilipsHue\\bin\PhilipsHue.clz...
14/02/2017 1:46:12 PM, Info: Saving project information...
14/02/2017 1:46:54 PM, Info: Initializing SIMPLSharp Services...
14/02/2017 1:46:54 PM, Info: ProjectInfo successfully initialized.
14/02/2017 1:46:55 PM, Info: Verifying archive C:\\Users\\mklucznyk\\Documents\\Visual Studio 2008\\Projects\\PhilipsHue\\PhilipsHue\\bin\PhilipsHue.clz...
14/02/2017 1:46:55 PM, Info: Saving project information...
14/02/2017 1:58:53 PM, Info: Initializing SIMPLSharp Services...
14/02/2017 1:58:53 PM, Info: ProjectInfo successfully initialized.
14/02/2017 1:58:53 PM, Info: Verifying archive C:\\Users\\mklucznyk\\Documents\\Visual Studio 2008\\Projects\\PhilipsHue\\PhilipsHue\\bin\PhilipsHue.clz...
14/02/2017 1:58:54 PM, Info: Saving project information...
14/02/2017 1:59:38 PM, Info: Initializing SIMPLSharp Services...
14/02/2017 1:59:38 PM, Info: ProjectInfo successfully initialized.
14/02/2017 1:59:38 PM, Info: Verifying archive C:\\Users\\mklucznyk\\Documents\\Visual Studio 2008\\Projects\\PhilipsHue\\PhilipsHue\\bin\PhilipsHue.clz...
14/02/2017 1:59:39 PM, Info: Saving project information...
14/02/2017 2:06:14 PM, Info: Terminating SIMPLSharp Services
14/02/2017 2:06:14 PM, Info: Saving project information...
14/02/2017 2:06:14 PM, Info: Terminating SIMPLSharp Services
14/02/2017 2:06:14 PM, Info: Saving project information...
14/02/2017 2:06:14 PM, Info: Terminating SIMPLSharp Services
14/02/2017 2:06:14 PM, Info: Saving project information...
14/02/2017 2:06:14 PM, Info: Terminating SIMPLSharp Services
14/02/2017 2:06:14 PM, Info: Saving project information...
14/02/2017 2:06:14 PM, Info: Terminating SIMPLSharp Services
14/02/2017 2:06:14 PM, Info: Saving project information...
14/02/2017 2:06:14 PM, Info: Terminating SIMPLSharp Services
14/02/2017 2:06:14 PM, Info: Saving project information...
14/02/2017 2:06:14 PM, Info: Terminating SIMPLSharp Services
