13/05/2017 10:01:49 AM, Info: Verifying archive C:\\Users\\mklucznyk\\Dropbox (Personal)\\VS Projects\\PhilipsHue\\PhilipsHue\bin\PhilipsHue.clz...
13/05/2017 10:01:52 AM, Info: Saving project information...
13/05/2017 10:02:00 AM, Info: Commiting verification transaction...
13/05/2017 10:02:00 AM, Info: Saving project information...
13/05/2017 10:02:29 AM, Info: Initializing SIMPLSharp Services...
13/05/2017 10:02:29 AM, Info: ProjectInfo successfully initialized.
13/05/2017 10:02:30 AM, Info: Verifying archive C:\\Users\\mklucznyk\\Dropbox (Personal)\\VS Projects\\PhilipsHue\\PhilipsHue\bin\PhilipsHue.clz...
13/05/2017 10:02:34 AM, Info: Saving project information...
13/05/2017 10:02:40 AM, Info: Verifying archive C:\\Users\\mklucznyk\\Dropbox (Personal)\\VS Projects\\PhilipsHue\\PhilipsHue\bin\PhilipsHue.clz...
13/05/2017 10:02:42 AM, Info: Saving project information...
13/05/2017 10:02:49 AM, Info: Commiting verification transaction...
13/05/2017 10:02:49 AM, Info: Saving project information...
13/05/2017 10:08:40 AM, Info: Initializing SIMPLSharp Services...
13/05/2017 10:08:40 AM, Info: ProjectInfo successfully initialized.
13/05/2017 10:08:42 AM, Info: Verifying archive C:\\Users\\mklucznyk\\Dropbox (Personal)\\VS Projects\\PhilipsHue\\PhilipsHue\bin\PhilipsHue.clz...
13/05/2017 10:08:47 AM, Info: Saving project information...
13/05/2017 10:08:57 AM, Info: Verifying archive C:\\Users\\mklucznyk\\Dropbox (Personal)\\VS Projects\\PhilipsHue\\PhilipsHue\bin\PhilipsHue.clz...
13/05/2017 10:08:59 AM, Info: Saving project information...
13/05/2017 10:09:06 AM, Info: Commiting verification transaction...
13/05/2017 10:09:06 AM, Info: Saving project information...
15/05/2017 8:03:39 AM, Info: Terminating SIMPLSharp Services
15/05/2017 8:03:39 AM, Info: Saving project information...
15/05/2017 8:03:39 AM, Info: Terminating SIMPLSharp Services
15/05/2017 8:03:39 AM, Info: Saving project information...
15/05/2017 8:03:39 AM, Info: Terminating SIMPLSharp Services
15/05/2017 8:03:39 AM, Info: Saving project information...
15/05/2017 8:03:39 AM, Info: Terminating SIMPLSharp Services
