27/01/2017 6:50:58 PM, Info: Initializing SIMPLSharp Services...
27/01/2017 6:50:58 PM, Info: ProjectInfo successfully initialized.
27/01/2017 6:50:58 PM, Info: Verifying archive C:\\Users\\mklucznyk\\Documents\\Visual Studio 2008\\Projects\\PhilipsHue\\PhilipsHue\\bin\PhilipsHue.clz...
27/01/2017 6:50:59 PM, Info: Saving project information...
27/01/2017 6:55:19 PM, Info: Initializing SIMPLSharp Services...
27/01/2017 6:55:19 PM, Info: ProjectInfo successfully initialized.
27/01/2017 6:55:19 PM, Info: Verifying archive C:\\Users\\mklucznyk\\Documents\\Visual Studio 2008\\Projects\\PhilipsHue\\PhilipsHue\\bin\PhilipsHue.clz...
27/01/2017 6:55:20 PM, Info: Saving project information...
30/01/2017 9:47:57 AM, Info: Initializing SIMPLSharp Services...
30/01/2017 9:47:57 AM, Info: ProjectInfo successfully initialized.
30/01/2017 9:47:57 AM, Info: Verifying archive C:\\Users\\mklucznyk\\Documents\\Visual Studio 2008\\Projects\\PhilipsHue\\PhilipsHue\\bin\PhilipsHue.clz...
30/01/2017 9:47:59 AM, Info: Saving project information...
30/01/2017 9:48:07 AM, Info: Initializing SIMPLSharp Services...
30/01/2017 9:48:07 AM, Info: ProjectInfo successfully initialized.
30/01/2017 9:48:07 AM, Info: Verifying archive C:\\Users\\mklucznyk\\Documents\\Visual Studio 2008\\Projects\\PhilipsHue\\PhilipsHue\\bin\PhilipsHue.clz...
30/01/2017 9:48:07 AM, Info: Saving project information...
30/01/2017 9:50:54 AM, Info: Initializing SIMPLSharp Services...
30/01/2017 9:50:54 AM, Info: ProjectInfo successfully initialized.
30/01/2017 9:50:55 AM, Info: Verifying archive C:\\Users\\mklucznyk\\Documents\\Visual Studio 2008\\Projects\\PhilipsHue\\PhilipsHue\\bin\PhilipsHue.clz...
30/01/2017 9:50:55 AM, Info: Saving project information...
30/01/2017 9:52:04 AM, Info: Initializing SIMPLSharp Services...
30/01/2017 9:52:04 AM, Info: ProjectInfo successfully initialized.
30/01/2017 9:52:04 AM, Info: Verifying archive C:\\Users\\mklucznyk\\Documents\\Visual Studio 2008\\Projects\\PhilipsHue\\PhilipsHue\\bin\PhilipsHue.clz...
30/01/2017 9:52:04 AM, Info: Saving project information...
30/01/2017 9:53:59 AM, Info: Terminating SIMPLSharp Services
30/01/2017 9:53:59 AM, Info: Saving project information...
30/01/2017 9:53:59 AM, Info: Terminating SIMPLSharp Services
30/01/2017 9:53:59 AM, Info: Saving project information...
30/01/2017 9:53:59 AM, Info: Terminating SIMPLSharp Services
30/01/2017 9:53:59 AM, Info: Saving project information...
30/01/2017 9:53:59 AM, Info: Terminating SIMPLSharp Services
30/01/2017 9:53:59 AM, Info: Saving project information...
30/01/2017 9:53:59 AM, Info: Terminating SIMPLSharp Services
30/01/2017 9:53:59 AM, Info: Saving project information...
30/01/2017 9:53:59 AM, Info: Terminating SIMPLSharp Services
