08/02/2017 9:33:15 AM, Info: Initializing SIMPLSharp Services...
08/02/2017 9:33:15 AM, Info: ProjectInfo successfully initialized.
08/02/2017 9:33:16 AM, Info: Verifying archive C:\\Users\\mklucznyk\\Documents\\Visual Studio 2008\\Projects\\PhilipsHue\\PhilipsHue\\bin\PhilipsHue.clz...
08/02/2017 9:33:16 AM, Info: Saving project information...
08/02/2017 9:33:19 AM, Info: Verifying archive C:\\Users\\mklucznyk\\Documents\\Visual Studio 2008\\Projects\\PhilipsHue\\PhilipsHue\\bin\PhilipsHue.clz...
08/02/2017 9:33:19 AM, Info: Saving project information...
08/02/2017 9:33:20 AM, Info: Commiting verification transaction...
08/02/2017 9:33:20 AM, Info: Saving project information...
08/02/2017 9:33:25 AM, Info: Initializing SIMPLSharp Services...
08/02/2017 9:33:25 AM, Info: ProjectInfo successfully initialized.
08/02/2017 9:33:26 AM, Info: Verifying archive C:\\Users\\mklucznyk\\Documents\\Visual Studio 2008\\Projects\\PhilipsHue\\PhilipsHue\\bin\PhilipsHue.clz...
08/02/2017 9:33:26 AM, Info: Saving project information...
08/02/2017 9:33:27 AM, Info: Verifying archive C:\\Users\\mklucznyk\\Documents\\Visual Studio 2008\\Projects\\PhilipsHue\\PhilipsHue\\bin\PhilipsHue.clz...
08/02/2017 9:33:27 AM, Info: Saving project information...
08/02/2017 9:33:28 AM, Info: Commiting verification transaction...
08/02/2017 9:33:28 AM, Info: Saving project information...
08/02/2017 9:54:10 AM, Info: Initializing SIMPLSharp Services...
08/02/2017 9:54:10 AM, Info: ProjectInfo successfully initialized.
08/02/2017 9:54:10 AM, Info: Verifying archive C:\\Users\\mklucznyk\\Documents\\Visual Studio 2008\\Projects\\PhilipsHue\\PhilipsHue\\bin\PhilipsHue.clz...
08/02/2017 9:54:11 AM, Info: Saving project information...
08/02/2017 9:54:13 AM, Info: Verifying archive C:\\Users\\mklucznyk\\Documents\\Visual Studio 2008\\Projects\\PhilipsHue\\PhilipsHue\\bin\PhilipsHue.clz...
08/02/2017 9:54:13 AM, Info: Saving project information...
08/02/2017 9:54:13 AM, Info: Commiting verification transaction...
08/02/2017 9:54:13 AM, Info: Saving project information...
08/02/2017 11:15:32 AM, Info: Terminating SIMPLSharp Services
08/02/2017 11:15:32 AM, Info: Saving project information...
08/02/2017 11:15:32 AM, Info: Terminating SIMPLSharp Services
08/02/2017 11:15:32 AM, Info: Saving project information...
08/02/2017 11:15:32 AM, Info: Terminating SIMPLSharp Services
