25/01/2017 1:24:31 PM, Info: Initializing SIMPLSharp Services...
25/01/2017 1:24:31 PM, Info: ProjectInfo successfully initialized.
25/01/2017 1:24:31 PM, Info: Verifying archive C:\\Users\\mklucznyk\\Documents\\Visual Studio 2008\\Projects\\PhilipsHue\\PhilipsHue\\bin\PhilipsHue.clz...
25/01/2017 1:24:32 PM, Info: Saving project information...
25/01/2017 1:24:33 PM, Info: Commiting verification transaction...
25/01/2017 1:24:33 PM, Info: Saving project information...
25/01/2017 1:29:31 PM, Info: Initializing SIMPLSharp Services...
25/01/2017 1:29:31 PM, Info: ProjectInfo successfully initialized.
25/01/2017 1:29:31 PM, Info: Verifying archive C:\\Users\\mklucznyk\\Documents\\Visual Studio 2008\\Projects\\PhilipsHue\\PhilipsHue\\bin\PhilipsHue.clz...
25/01/2017 1:29:32 PM, Info: Saving project information...
25/01/2017 1:29:33 PM, Info: Commiting verification transaction...
25/01/2017 1:29:33 PM, Info: Saving project information...
25/01/2017 1:31:04 PM, Info: Initializing SIMPLSharp Services...
25/01/2017 1:31:04 PM, Info: ProjectInfo successfully initialized.
25/01/2017 1:31:05 PM, Info: Verifying archive C:\\Users\\mklucznyk\\Documents\\Visual Studio 2008\\Projects\\PhilipsHue\\PhilipsHue\\bin\PhilipsHue.clz...
25/01/2017 1:31:06 PM, Info: Saving project information...
25/01/2017 1:31:07 PM, Info: Commiting verification transaction...
25/01/2017 1:31:07 PM, Info: Saving project information...
25/01/2017 1:37:15 PM, Info: Initializing SIMPLSharp Services...
25/01/2017 1:37:15 PM, Info: ProjectInfo successfully initialized.
25/01/2017 1:37:16 PM, Info: Verifying archive C:\\Users\\mklucznyk\\Documents\\Visual Studio 2008\\Projects\\PhilipsHue\\PhilipsHue\\bin\PhilipsHue.clz...
25/01/2017 1:37:16 PM, Info: Saving project information...
25/01/2017 1:37:17 PM, Info: Commiting verification transaction...
25/01/2017 1:37:17 PM, Info: Saving project information...
25/01/2017 2:49:25 PM, Info: Initializing SIMPLSharp Services...
25/01/2017 2:49:25 PM, Info: ProjectInfo successfully initialized.
25/01/2017 2:49:25 PM, Info: Verifying archive C:\\Users\\mklucznyk\\Documents\\Visual Studio 2008\\Projects\\PhilipsHue\\PhilipsHue\\bin\PhilipsHue.clz...
25/01/2017 2:49:25 PM, Info: Saving project information...
25/01/2017 2:49:26 PM, Info: Commiting verification transaction...
25/01/2017 2:49:26 PM, Info: Saving project information...
25/01/2017 3:13:17 PM, Info: Initializing SIMPLSharp Services...
25/01/2017 3:13:17 PM, Info: ProjectInfo successfully initialized.
25/01/2017 3:13:17 PM, Info: Verifying archive C:\\Users\\mklucznyk\\Documents\\Visual Studio 2008\\Projects\\PhilipsHue\\PhilipsHue\\bin\PhilipsHue.clz...
25/01/2017 3:13:18 PM, Info: Saving project information...
25/01/2017 3:13:20 PM, Info: Commiting verification transaction...
25/01/2017 3:13:20 PM, Info: Saving project information...
25/01/2017 3:17:27 PM, Info: Initializing SIMPLSharp Services...
25/01/2017 3:17:27 PM, Info: ProjectInfo successfully initialized.
25/01/2017 3:17:28 PM, Info: Verifying archive C:\\Users\\mklucznyk\\Documents\\Visual Studio 2008\\Projects\\PhilipsHue\\PhilipsHue\\bin\PhilipsHue.clz...
25/01/2017 3:17:29 PM, Info: Saving project information...
25/01/2017 3:17:30 PM, Info: Commiting verification transaction...
25/01/2017 3:17:30 PM, Info: Saving project information...
25/01/2017 3:42:04 PM, Info: Initializing SIMPLSharp Services...
25/01/2017 3:42:04 PM, Info: ProjectInfo successfully initialized.
25/01/2017 3:42:04 PM, Info: Verifying archive C:\\Users\\mklucznyk\\Documents\\Visual Studio 2008\\Projects\\PhilipsHue\\PhilipsHue\\bin\PhilipsHue.clz...
25/01/2017 3:42:05 PM, Info: Saving project information...
25/01/2017 3:42:07 PM, Info: Commiting verification transaction...
25/01/2017 3:42:07 PM, Info: Saving project information...
25/01/2017 3:48:30 PM, Info: Initializing SIMPLSharp Services...
25/01/2017 3:48:30 PM, Info: ProjectInfo successfully initialized.
25/01/2017 3:48:30 PM, Info: Verifying archive C:\\Users\\mklucznyk\\Documents\\Visual Studio 2008\\Projects\\PhilipsHue\\PhilipsHue\\bin\PhilipsHue.clz...
25/01/2017 3:48:31 PM, Info: Saving project information...
25/01/2017 3:48:35 PM, Info: Commiting verification transaction...
25/01/2017 3:48:35 PM, Info: Saving project information...
25/01/2017 3:49:27 PM, Info: Initializing SIMPLSharp Services...
25/01/2017 3:49:27 PM, Info: ProjectInfo successfully initialized.
25/01/2017 3:49:27 PM, Info: Verifying archive C:\\Users\\mklucznyk\\Documents\\Visual Studio 2008\\Projects\\PhilipsHue\\PhilipsHue\\bin\PhilipsHue.clz...
25/01/2017 3:49:27 PM, Info: Saving project information...
25/01/2017 3:49:29 PM, Info: Commiting verification transaction...
25/01/2017 3:49:29 PM, Info: Saving project information...
25/01/2017 4:29:56 PM, Info: Initializing SIMPLSharp Services...
25/01/2017 4:29:56 PM, Info: ProjectInfo successfully initialized.
25/01/2017 4:29:56 PM, Info: Verifying archive C:\\Users\\mklucznyk\\Documents\\Visual Studio 2008\\Projects\\PhilipsHue\\PhilipsHue\\bin\PhilipsHue.clz...
25/01/2017 4:29:57 PM, Info: Saving project information...
25/01/2017 4:29:58 PM, Info: Commiting verification transaction...
25/01/2017 4:29:58 PM, Info: Saving project information...
25/01/2017 5:10:46 PM, Info: Initializing SIMPLSharp Services...
25/01/2017 5:10:46 PM, Info: ProjectInfo successfully initialized.
25/01/2017 5:10:46 PM, Info: Verifying archive C:\\Users\\mklucznyk\\Documents\\Visual Studio 2008\\Projects\\PhilipsHue\\PhilipsHue\\bin\PhilipsHue.clz...
25/01/2017 5:10:47 PM, Info: Saving project information...
25/01/2017 5:10:48 PM, Info: Commiting verification transaction...
25/01/2017 5:10:48 PM, Info: Saving project information...
25/01/2017 5:12:17 PM, Info: Initializing SIMPLSharp Services...
25/01/2017 5:12:17 PM, Info: ProjectInfo successfully initialized.
25/01/2017 5:12:17 PM, Info: Verifying archive C:\\Users\\mklucznyk\\Documents\\Visual Studio 2008\\Projects\\PhilipsHue\\PhilipsHue\\bin\PhilipsHue.clz...
25/01/2017 5:12:18 PM, Info: Saving project information...
25/01/2017 5:12:20 PM, Info: Commiting verification transaction...
25/01/2017 5:12:20 PM, Info: Saving project information...
25/01/2017 5:27:44 PM, Info: Terminating SIMPLSharp Services
25/01/2017 5:27:44 PM, Info: Saving project information...
25/01/2017 5:27:44 PM, Info: Terminating SIMPLSharp Services
25/01/2017 5:27:44 PM, Info: Saving project information...
25/01/2017 5:27:44 PM, Info: Terminating SIMPLSharp Services
25/01/2017 5:27:44 PM, Info: Saving project information...
25/01/2017 5:27:44 PM, Info: Terminating SIMPLSharp Services
25/01/2017 5:27:44 PM, Info: Saving project information...
25/01/2017 5:27:44 PM, Info: Terminating SIMPLSharp Services
25/01/2017 5:27:44 PM, Info: Saving project information...
25/01/2017 5:27:44 PM, Info: Terminating SIMPLSharp Services
25/01/2017 5:27:44 PM, Info: Saving project information...
25/01/2017 5:27:44 PM, Info: Terminating SIMPLSharp Services
25/01/2017 5:27:44 PM, Info: Saving project information...
25/01/2017 5:27:44 PM, Info: Terminating SIMPLSharp Services
25/01/2017 5:27:44 PM, Info: Saving project information...
25/01/2017 5:27:44 PM, Info: Terminating SIMPLSharp Services
25/01/2017 5:27:44 PM, Info: Saving project information...
25/01/2017 5:27:44 PM, Info: Terminating SIMPLSharp Services
25/01/2017 5:27:44 PM, Info: Saving project information...
25/01/2017 5:27:44 PM, Info: Terminating SIMPLSharp Services
25/01/2017 5:27:44 PM, Info: Saving project information...
25/01/2017 5:27:44 PM, Info: Terminating SIMPLSharp Services
25/01/2017 5:27:44 PM, Info: Saving project information...
25/01/2017 5:27:44 PM, Info: Terminating SIMPLSharp Services
