13/02/2017 6:02:10 PM, Info: Initializing SIMPLSharp Services...
13/02/2017 6:02:10 PM, Info: ProjectInfo successfully initialized.
13/02/2017 6:02:10 PM, Info: Verifying archive C:\\Users\\mklucznyk\\Documents\\Visual Studio 2008\\Projects\\PhilipsHue\\PhilipsHue\\bin\PhilipsHue.clz...
13/02/2017 6:02:11 PM, Info: Saving project information...
13/02/2017 6:02:12 PM, Info: Verifying archive C:\\Users\\mklucznyk\\Documents\\Visual Studio 2008\\Projects\\PhilipsHue\\PhilipsHue\\bin\PhilipsHue.clz...
13/02/2017 6:02:13 PM, Info: Saving project information...
13/02/2017 6:02:14 PM, Info: Verifying archive C:\\Users\\mklucznyk\\Documents\\Visual Studio 2008\\Projects\\PhilipsHue\\PhilipsHue\\bin\PhilipsHue.clz...
13/02/2017 6:02:14 PM, Info: Saving project information...
13/02/2017 6:02:15 PM, Info: Commiting verification transaction...
13/02/2017 6:02:15 PM, Info: Saving project information...
13/02/2017 6:05:08 PM, Info: Initializing SIMPLSharp Services...
13/02/2017 6:05:08 PM, Info: ProjectInfo successfully initialized.
13/02/2017 6:05:08 PM, Info: Verifying archive C:\\Users\\mklucznyk\\Documents\\Visual Studio 2008\\Projects\\PhilipsHue\\PhilipsHue\\bin\PhilipsHue.clz...
13/02/2017 6:05:08 PM, Info: Saving project information...
13/02/2017 6:05:10 PM, Info: Verifying archive C:\\Users\\mklucznyk\\Documents\\Visual Studio 2008\\Projects\\PhilipsHue\\PhilipsHue\\bin\PhilipsHue.clz...
13/02/2017 6:05:10 PM, Info: Saving project information...
13/02/2017 6:05:10 PM, Info: Verifying archive C:\\Users\\mklucznyk\\Documents\\Visual Studio 2008\\Projects\\PhilipsHue\\PhilipsHue\\bin\PhilipsHue.clz...
13/02/2017 6:05:11 PM, Info: Saving project information...
13/02/2017 6:05:11 PM, Info: Commiting verification transaction...
13/02/2017 6:05:11 PM, Info: Saving project information...
13/02/2017 6:06:46 PM, Info: Initializing SIMPLSharp Services...
13/02/2017 6:06:46 PM, Info: ProjectInfo successfully initialized.
13/02/2017 6:06:46 PM, Info: Verifying archive C:\\Users\\mklucznyk\\Documents\\Visual Studio 2008\\Projects\\PhilipsHue\\PhilipsHue\\bin\PhilipsHue.clz...
13/02/2017 6:06:47 PM, Info: Saving project information...
13/02/2017 6:06:48 PM, Info: Verifying archive C:\\Users\\mklucznyk\\Documents\\Visual Studio 2008\\Projects\\PhilipsHue\\PhilipsHue\\bin\PhilipsHue.clz...
13/02/2017 6:06:49 PM, Info: Saving project information...
13/02/2017 6:06:50 PM, Info: Verifying archive C:\\Users\\mklucznyk\\Documents\\Visual Studio 2008\\Projects\\PhilipsHue\\PhilipsHue\\bin\PhilipsHue.clz...
13/02/2017 6:06:50 PM, Info: Saving project information...
13/02/2017 6:06:52 PM, Info: Commiting verification transaction...
13/02/2017 6:06:52 PM, Info: Saving project information...
13/02/2017 6:12:51 PM, Info: Initializing SIMPLSharp Services...
13/02/2017 6:12:51 PM, Info: ProjectInfo successfully initialized.
13/02/2017 6:12:52 PM, Info: Verifying archive C:\\Users\\mklucznyk\\Documents\\Visual Studio 2008\\Projects\\PhilipsHue\\PhilipsHue\\bin\PhilipsHue.clz...
13/02/2017 6:12:53 PM, Info: Saving project information...
13/02/2017 6:12:54 PM, Info: Verifying archive C:\\Users\\mklucznyk\\Documents\\Visual Studio 2008\\Projects\\PhilipsHue\\PhilipsHue\\bin\PhilipsHue.clz...
13/02/2017 6:12:54 PM, Info: Saving project information...
13/02/2017 6:12:55 PM, Info: Verifying archive C:\\Users\\mklucznyk\\Documents\\Visual Studio 2008\\Projects\\PhilipsHue\\PhilipsHue\\bin\PhilipsHue.clz...
13/02/2017 6:12:55 PM, Info: Saving project information...
13/02/2017 6:12:56 PM, Info: Commiting verification transaction...
13/02/2017 6:12:56 PM, Info: Saving project information...
13/02/2017 6:15:23 PM, Info: Initializing SIMPLSharp Services...
13/02/2017 6:15:23 PM, Info: ProjectInfo successfully initialized.
13/02/2017 6:15:23 PM, Info: Verifying archive C:\\Users\\mklucznyk\\Documents\\Visual Studio 2008\\Projects\\PhilipsHue\\PhilipsHue\\bin\PhilipsHue.clz...
13/02/2017 6:15:23 PM, Info: Saving project information...
13/02/2017 6:15:25 PM, Info: Verifying archive C:\\Users\\mklucznyk\\Documents\\Visual Studio 2008\\Projects\\PhilipsHue\\PhilipsHue\\bin\PhilipsHue.clz...
13/02/2017 6:15:25 PM, Info: Saving project information...
13/02/2017 6:15:25 PM, Info: Verifying archive C:\\Users\\mklucznyk\\Documents\\Visual Studio 2008\\Projects\\PhilipsHue\\PhilipsHue\\bin\PhilipsHue.clz...
13/02/2017 6:15:25 PM, Info: Saving project information...
13/02/2017 6:15:26 PM, Info: Commiting verification transaction...
13/02/2017 6:15:26 PM, Info: Saving project information...
13/02/2017 6:24:53 PM, Info: Initializing SIMPLSharp Services...
13/02/2017 6:24:53 PM, Info: ProjectInfo successfully initialized.
13/02/2017 6:24:53 PM, Info: Verifying archive C:\\Users\\mklucznyk\\Documents\\Visual Studio 2008\\Projects\\PhilipsHue\\PhilipsHue\\bin\PhilipsHue.clz...
13/02/2017 6:24:54 PM, Info: Saving project information...
13/02/2017 6:24:55 PM, Info: Verifying archive C:\\Users\\mklucznyk\\Documents\\Visual Studio 2008\\Projects\\PhilipsHue\\PhilipsHue\\bin\PhilipsHue.clz...
13/02/2017 6:24:56 PM, Info: Saving project information...
13/02/2017 6:24:56 PM, Info: Verifying archive C:\\Users\\mklucznyk\\Documents\\Visual Studio 2008\\Projects\\PhilipsHue\\PhilipsHue\\bin\PhilipsHue.clz...
13/02/2017 6:24:56 PM, Info: Saving project information...
13/02/2017 6:24:57 PM, Info: Commiting verification transaction...
13/02/2017 6:24:57 PM, Info: Saving project information...
13/02/2017 6:43:21 PM, Info: Initializing SIMPLSharp Services...
13/02/2017 6:43:21 PM, Info: ProjectInfo successfully initialized.
13/02/2017 6:43:21 PM, Info: Verifying archive C:\\Users\\mklucznyk\\Documents\\Visual Studio 2008\\Projects\\PhilipsHue\\PhilipsHue\\bin\PhilipsHue.clz...
13/02/2017 6:43:22 PM, Info: Saving project information...
13/02/2017 6:43:23 PM, Info: Verifying archive C:\\Users\\mklucznyk\\Documents\\Visual Studio 2008\\Projects\\PhilipsHue\\PhilipsHue\\bin\PhilipsHue.clz...
13/02/2017 6:43:24 PM, Info: Saving project information...
13/02/2017 6:43:24 PM, Info: Verifying archive C:\\Users\\mklucznyk\\Documents\\Visual Studio 2008\\Projects\\PhilipsHue\\PhilipsHue\\bin\PhilipsHue.clz...
13/02/2017 6:43:24 PM, Info: Saving project information...
13/02/2017 6:43:25 PM, Info: Commiting verification transaction...
13/02/2017 6:43:25 PM, Info: Saving project information...
13/02/2017 6:47:52 PM, Info: Initializing SIMPLSharp Services...
13/02/2017 6:47:52 PM, Info: ProjectInfo successfully initialized.
13/02/2017 6:47:52 PM, Info: Verifying archive C:\\Users\\mklucznyk\\Documents\\Visual Studio 2008\\Projects\\PhilipsHue\\PhilipsHue\\bin\PhilipsHue.clz...
13/02/2017 6:47:53 PM, Info: Saving project information...
13/02/2017 6:47:55 PM, Info: Verifying archive C:\\Users\\mklucznyk\\Documents\\Visual Studio 2008\\Projects\\PhilipsHue\\PhilipsHue\\bin\PhilipsHue.clz...
13/02/2017 6:47:55 PM, Info: Saving project information...
13/02/2017 6:47:55 PM, Info: Verifying archive C:\\Users\\mklucznyk\\Documents\\Visual Studio 2008\\Projects\\PhilipsHue\\PhilipsHue\\bin\PhilipsHue.clz...
13/02/2017 6:47:56 PM, Info: Saving project information...
13/02/2017 6:47:56 PM, Info: Commiting verification transaction...
13/02/2017 6:47:56 PM, Info: Saving project information...
13/02/2017 7:04:50 PM, Info: Initializing SIMPLSharp Services...
13/02/2017 7:04:50 PM, Info: ProjectInfo successfully initialized.
13/02/2017 7:04:50 PM, Info: Verifying archive C:\\Users\\mklucznyk\\Documents\\Visual Studio 2008\\Projects\\PhilipsHue\\PhilipsHue\\bin\PhilipsHue.clz...
13/02/2017 7:04:51 PM, Info: Saving project information...
13/02/2017 7:04:53 PM, Info: Verifying archive C:\\Users\\mklucznyk\\Documents\\Visual Studio 2008\\Projects\\PhilipsHue\\PhilipsHue\\bin\PhilipsHue.clz...
13/02/2017 7:04:53 PM, Info: Saving project information...
13/02/2017 7:04:53 PM, Info: Verifying archive C:\\Users\\mklucznyk\\Documents\\Visual Studio 2008\\Projects\\PhilipsHue\\PhilipsHue\\bin\PhilipsHue.clz...
13/02/2017 7:04:54 PM, Info: Saving project information...
13/02/2017 7:04:54 PM, Info: Commiting verification transaction...
13/02/2017 7:04:54 PM, Info: Saving project information...
14/02/2017 8:44:23 AM, Info: Terminating SIMPLSharp Services
14/02/2017 8:44:23 AM, Info: Saving project information...
14/02/2017 8:44:23 AM, Info: Terminating SIMPLSharp Services
14/02/2017 8:44:23 AM, Info: Saving project information...
14/02/2017 8:44:23 AM, Info: Terminating SIMPLSharp Services
14/02/2017 8:44:23 AM, Info: Saving project information...
14/02/2017 8:44:23 AM, Info: Terminating SIMPLSharp Services
14/02/2017 8:44:23 AM, Info: Saving project information...
14/02/2017 8:44:23 AM, Info: Terminating SIMPLSharp Services
14/02/2017 8:44:23 AM, Info: Saving project information...
14/02/2017 8:44:23 AM, Info: Terminating SIMPLSharp Services
14/02/2017 8:44:23 AM, Info: Saving project information...
14/02/2017 8:44:23 AM, Info: Terminating SIMPLSharp Services
14/02/2017 8:44:23 AM, Info: Saving project information...
14/02/2017 8:44:23 AM, Info: Terminating SIMPLSharp Services
14/02/2017 8:44:23 AM, Info: Saving project information...
14/02/2017 8:44:23 AM, Info: Terminating SIMPLSharp Services
