30/01/2017 6:23:12 PM, Info: Initializing SIMPLSharp Services...
30/01/2017 6:23:12 PM, Info: ProjectInfo successfully initialized.
30/01/2017 6:23:12 PM, Info: Verifying archive C:\\Users\\mklucznyk\\Documents\\Visual Studio 2008\\Projects\\PhilipsHue\\PhilipsHue\\bin\PhilipsHue.clz...
30/01/2017 6:23:13 PM, Info: Saving project information...
30/01/2017 6:23:32 PM, Info: Initializing SIMPLSharp Services...
30/01/2017 6:23:32 PM, Info: ProjectInfo successfully initialized.
30/01/2017 6:23:32 PM, Info: Verifying archive C:\\Users\\mklucznyk\\Documents\\Visual Studio 2008\\Projects\\PhilipsHue\\PhilipsHue\\bin\PhilipsHue.clz...
30/01/2017 6:23:32 PM, Info: Saving project information...
30/01/2017 6:23:49 PM, Info: Initializing SIMPLSharp Services...
30/01/2017 6:23:49 PM, Info: ProjectInfo successfully initialized.
30/01/2017 6:23:49 PM, Info: Verifying archive C:\\Users\\mklucznyk\\Documents\\Visual Studio 2008\\Projects\\PhilipsHue\\PhilipsHue\\bin\PhilipsHue.clz...
30/01/2017 6:23:50 PM, Info: Saving project information...
30/01/2017 6:27:09 PM, Info: Initializing SIMPLSharp Services...
30/01/2017 6:27:09 PM, Info: ProjectInfo successfully initialized.
30/01/2017 6:27:09 PM, Info: Verifying archive C:\\Users\\mklucznyk\\Documents\\Visual Studio 2008\\Projects\\PhilipsHue\\PhilipsHue\\bin\PhilipsHue.clz...
30/01/2017 6:27:10 PM, Info: Saving project information...
30/01/2017 7:07:05 PM, Info: Terminating SIMPLSharp Services
30/01/2017 7:07:05 PM, Info: Saving project information...
30/01/2017 7:07:05 PM, Info: Terminating SIMPLSharp Services
30/01/2017 7:07:05 PM, Info: Saving project information...
30/01/2017 7:07:05 PM, Info: Terminating SIMPLSharp Services
30/01/2017 7:07:05 PM, Info: Saving project information...
30/01/2017 7:07:05 PM, Info: Terminating SIMPLSharp Services
