30/01/2017 2:31:38 PM, Info: Initializing SIMPLSharp Services...
30/01/2017 2:31:38 PM, Info: ProjectInfo successfully initialized.
30/01/2017 2:31:38 PM, Info: Verifying archive C:\\Users\\mklucznyk\\Documents\\Visual Studio 2008\\Projects\\PhilipsHue\\PhilipsHue\\bin\PhilipsHue.clz...
30/01/2017 2:31:40 PM, Info: Saving project information...
30/01/2017 2:31:55 PM, Info: Initializing SIMPLSharp Services...
30/01/2017 2:31:55 PM, Info: ProjectInfo successfully initialized.
30/01/2017 2:31:55 PM, Info: Verifying archive C:\\Users\\mklucznyk\\Documents\\Visual Studio 2008\\Projects\\PhilipsHue\\PhilipsHue\\bin\PhilipsHue.clz...
30/01/2017 2:31:55 PM, Info: Saving project information...
30/01/2017 2:31:59 PM, Info: Initializing SIMPLSharp Services...
30/01/2017 2:31:59 PM, Info: ProjectInfo successfully initialized.
30/01/2017 2:31:59 PM, Info: Verifying archive C:\\Users\\mklucznyk\\Documents\\Visual Studio 2008\\Projects\\PhilipsHue\\PhilipsHue\\bin\PhilipsHue.clz...
30/01/2017 2:31:59 PM, Info: Saving project information...
30/01/2017 2:35:08 PM, Info: Initializing SIMPLSharp Services...
30/01/2017 2:35:08 PM, Info: ProjectInfo successfully initialized.
30/01/2017 2:35:08 PM, Info: Verifying archive C:\\Users\\mklucznyk\\Documents\\Visual Studio 2008\\Projects\\PhilipsHue\\PhilipsHue\\bin\PhilipsHue.clz...
30/01/2017 2:35:09 PM, Info: Saving project information...
30/01/2017 2:35:54 PM, Info: Initializing SIMPLSharp Services...
30/01/2017 2:35:54 PM, Info: ProjectInfo successfully initialized.
30/01/2017 2:35:55 PM, Info: Verifying archive C:\\Users\\mklucznyk\\Documents\\Visual Studio 2008\\Projects\\PhilipsHue\\PhilipsHue\\bin\PhilipsHue.clz...
30/01/2017 2:35:55 PM, Info: Saving project information...
30/01/2017 2:37:20 PM, Info: Initializing SIMPLSharp Services...
30/01/2017 2:37:20 PM, Info: ProjectInfo successfully initialized.
30/01/2017 2:37:20 PM, Info: Verifying archive C:\\Users\\mklucznyk\\Documents\\Visual Studio 2008\\Projects\\PhilipsHue\\PhilipsHue\\bin\PhilipsHue.clz...
30/01/2017 2:37:20 PM, Info: Saving project information...
30/01/2017 2:39:33 PM, Info: Initializing SIMPLSharp Services...
30/01/2017 2:39:33 PM, Info: ProjectInfo successfully initialized.
30/01/2017 2:39:33 PM, Info: Verifying archive C:\\Users\\mklucznyk\\Documents\\Visual Studio 2008\\Projects\\PhilipsHue\\PhilipsHue\\bin\PhilipsHue.clz...
30/01/2017 2:39:33 PM, Info: Saving project information...
30/01/2017 2:39:46 PM, Info: Initializing SIMPLSharp Services...
30/01/2017 2:39:46 PM, Info: ProjectInfo successfully initialized.
30/01/2017 2:39:47 PM, Info: Verifying archive C:\\Users\\mklucznyk\\Documents\\Visual Studio 2008\\Projects\\PhilipsHue\\PhilipsHue\\bin\PhilipsHue.clz...
30/01/2017 2:39:48 PM, Info: Saving project information...
30/01/2017 2:40:33 PM, Info: Initializing SIMPLSharp Services...
30/01/2017 2:40:33 PM, Info: ProjectInfo successfully initialized.
30/01/2017 2:40:33 PM, Info: Verifying archive C:\\Users\\mklucznyk\\Documents\\Visual Studio 2008\\Projects\\PhilipsHue\\PhilipsHue\\bin\PhilipsHue.clz...
30/01/2017 2:40:34 PM, Info: Saving project information...
30/01/2017 2:45:58 PM, Info: Initializing SIMPLSharp Services...
30/01/2017 2:45:58 PM, Info: ProjectInfo successfully initialized.
30/01/2017 2:45:58 PM, Info: Verifying archive C:\\Users\\mklucznyk\\Documents\\Visual Studio 2008\\Projects\\PhilipsHue\\PhilipsHue\\bin\PhilipsHue.clz...
30/01/2017 2:45:59 PM, Info: Saving project information...
30/01/2017 2:48:33 PM, Info: Initializing SIMPLSharp Services...
30/01/2017 2:48:33 PM, Info: ProjectInfo successfully initialized.
30/01/2017 2:48:33 PM, Info: Verifying archive C:\\Users\\mklucznyk\\Documents\\Visual Studio 2008\\Projects\\PhilipsHue\\PhilipsHue\\bin\PhilipsHue.clz...
30/01/2017 2:48:33 PM, Info: Saving project information...
30/01/2017 3:03:34 PM, Info: Initializing SIMPLSharp Services...
30/01/2017 3:03:34 PM, Info: ProjectInfo successfully initialized.
30/01/2017 3:03:34 PM, Info: Verifying archive C:\\Users\\mklucznyk\\Documents\\Visual Studio 2008\\Projects\\PhilipsHue\\PhilipsHue\\bin\PhilipsHue.clz...
30/01/2017 3:03:34 PM, Info: Saving project information...
30/01/2017 3:33:22 PM, Info: Terminating SIMPLSharp Services
30/01/2017 3:33:22 PM, Info: Saving project information...
30/01/2017 3:33:22 PM, Info: Terminating SIMPLSharp Services
30/01/2017 3:33:22 PM, Info: Saving project information...
30/01/2017 3:33:22 PM, Info: Terminating SIMPLSharp Services
30/01/2017 3:33:22 PM, Info: Saving project information...
30/01/2017 3:33:22 PM, Info: Terminating SIMPLSharp Services
30/01/2017 3:33:22 PM, Info: Saving project information...
30/01/2017 3:33:22 PM, Info: Terminating SIMPLSharp Services
30/01/2017 3:33:22 PM, Info: Saving project information...
30/01/2017 3:33:22 PM, Info: Terminating SIMPLSharp Services
30/01/2017 3:33:22 PM, Info: Saving project information...
30/01/2017 3:33:22 PM, Info: Terminating SIMPLSharp Services
30/01/2017 3:33:22 PM, Info: Saving project information...
30/01/2017 3:33:22 PM, Info: Terminating SIMPLSharp Services
30/01/2017 3:33:22 PM, Info: Saving project information...
30/01/2017 3:33:22 PM, Info: Terminating SIMPLSharp Services
30/01/2017 3:33:22 PM, Info: Saving project information...
30/01/2017 3:33:22 PM, Info: Terminating SIMPLSharp Services
30/01/2017 3:33:22 PM, Info: Saving project information...
30/01/2017 3:33:22 PM, Info: Terminating SIMPLSharp Services
30/01/2017 3:33:22 PM, Info: Saving project information...
30/01/2017 3:33:22 PM, Info: Terminating SIMPLSharp Services
