21/02/2017 12:10:45 PM, Info: Initializing SIMPLSharp Services...
21/02/2017 12:10:45 PM, Info: ProjectInfo successfully initialized.
21/02/2017 12:10:45 PM, Info: Verifying archive C:\\Users\\mklucznyk\\Documents\\Visual Studio 2008\\Projects\\PhilipsHue\\PhilipsHue\\bin\PhilipsHue.clz...
21/02/2017 12:10:48 PM, Info: Saving project information...
21/02/2017 12:11:00 PM, Info: Initializing SIMPLSharp Services...
21/02/2017 12:11:00 PM, Info: ProjectInfo successfully initialized.
21/02/2017 12:11:00 PM, Info: Verifying archive C:\\Users\\mklucznyk\\Documents\\Visual Studio 2008\\Projects\\PhilipsHue\\PhilipsHue\\bin\PhilipsHue.clz...
21/02/2017 12:11:01 PM, Info: Saving project information...
21/02/2017 12:11:17 PM, Info: Initializing SIMPLSharp Services...
21/02/2017 12:11:17 PM, Info: ProjectInfo successfully initialized.
21/02/2017 12:11:17 PM, Info: Verifying archive C:\\Users\\mklucznyk\\Documents\\Visual Studio 2008\\Projects\\PhilipsHue\\PhilipsHue\\bin\PhilipsHue.clz...
21/02/2017 12:11:17 PM, Info: Saving project information...
21/02/2017 12:11:21 PM, Info: Initializing SIMPLSharp Services...
21/02/2017 12:11:21 PM, Info: ProjectInfo successfully initialized.
21/02/2017 12:11:21 PM, Info: Verifying archive C:\\Users\\mklucznyk\\Documents\\Visual Studio 2008\\Projects\\PhilipsHue\\PhilipsHue\\bin\PhilipsHue.clz...
21/02/2017 12:11:22 PM, Info: Saving project information...
21/02/2017 12:11:27 PM, Info: Terminating SIMPLSharp Services
21/02/2017 12:11:27 PM, Info: Saving project information...
21/02/2017 12:11:27 PM, Info: Terminating SIMPLSharp Services
21/02/2017 12:11:27 PM, Info: Saving project information...
21/02/2017 12:11:27 PM, Info: Terminating SIMPLSharp Services
21/02/2017 12:11:27 PM, Info: Saving project information...
21/02/2017 12:11:27 PM, Info: Terminating SIMPLSharp Services
