28/06/2017 6:16:17 PM, Info: Initializing SIMPLSharp Services...
28/06/2017 6:16:18 PM, Info: ProjectInfo successfully initialized.
28/06/2017 6:16:18 PM, Info: Verifying archive C:\\Users\\mklucznyk\\Dropbox (Personal)\\VS Projects\\PhilipsHue\\PhilipsHue\bin\PhilipsHue.clz...
28/06/2017 6:16:18 PM, Info: Saving project information...
28/06/2017 6:24:38 PM, Info: Initializing SIMPLSharp Services...
28/06/2017 6:24:39 PM, Info: ProjectInfo successfully initialized.
28/06/2017 6:24:39 PM, Info: Verifying archive C:\\Users\\mklucznyk\\Dropbox (Personal)\\VS Projects\\PhilipsHue\\PhilipsHue\bin\PhilipsHue.clz...
28/06/2017 6:24:39 PM, Info: Saving project information...
28/06/2017 6:26:20 PM, Info: Initializing SIMPLSharp Services...
28/06/2017 6:26:20 PM, Info: ProjectInfo successfully initialized.
28/06/2017 6:26:20 PM, Info: Verifying archive C:\\Users\\mklucznyk\\Dropbox (Personal)\\VS Projects\\PhilipsHue\\PhilipsHue\bin\PhilipsHue.clz...
28/06/2017 6:26:24 PM, Info: Saving project information...
28/06/2017 6:42:47 PM, Info: Initializing SIMPLSharp Services...
28/06/2017 6:42:47 PM, Info: ProjectInfo successfully initialized.
28/06/2017 6:42:47 PM, Info: Verifying archive C:\\Users\\mklucznyk\\Dropbox (Personal)\\VS Projects\\PhilipsHue\\PhilipsHue\bin\PhilipsHue.clz...
28/06/2017 6:42:48 PM, Info: Saving project information...
28/06/2017 6:47:53 PM, Info: Initializing SIMPLSharp Services...
28/06/2017 6:47:53 PM, Info: ProjectInfo successfully initialized.
28/06/2017 6:47:53 PM, Info: Verifying archive C:\\Users\\mklucznyk\\Dropbox (Personal)\\VS Projects\\PhilipsHue\\PhilipsHue\bin\PhilipsHue.clz...
28/06/2017 6:47:54 PM, Info: Saving project information...
28/06/2017 6:48:08 PM, Info: Terminating SIMPLSharp Services
28/06/2017 6:48:08 PM, Info: Saving project information...
28/06/2017 6:48:08 PM, Info: Terminating SIMPLSharp Services
28/06/2017 6:48:08 PM, Info: Saving project information...
28/06/2017 6:48:08 PM, Info: Terminating SIMPLSharp Services
28/06/2017 6:48:08 PM, Info: Saving project information...
28/06/2017 6:48:08 PM, Info: Terminating SIMPLSharp Services
28/06/2017 6:48:08 PM, Info: Saving project information...
28/06/2017 6:48:08 PM, Info: Terminating SIMPLSharp Services
