08/02/2017 9:25:41 AM, Info: Initializing SIMPLSharp Services...
08/02/2017 9:25:41 AM, Info: ProjectInfo successfully initialized.
08/02/2017 9:25:41 AM, Info: Verifying archive C:\\Users\\mklucznyk\\Documents\\Visual Studio 2008\\Projects\\PhilipsHue\\PhilipsHue\\bin\PhilipsHue.clz...
08/02/2017 9:25:43 AM, Info: Saving project information...
08/02/2017 9:25:57 AM, Info: Initializing SIMPLSharp Services...
08/02/2017 9:25:57 AM, Info: ProjectInfo successfully initialized.
08/02/2017 9:25:57 AM, Info: Verifying archive C:\\Users\\mklucznyk\\Documents\\Visual Studio 2008\\Projects\\PhilipsHue\\PhilipsHue\\bin\PhilipsHue.clz...
08/02/2017 9:25:57 AM, Info: Saving project information...
08/02/2017 9:27:19 AM, Info: Initializing SIMPLSharp Services...
08/02/2017 9:27:19 AM, Info: ProjectInfo successfully initialized.
08/02/2017 9:27:20 AM, Info: Verifying archive C:\\Users\\mklucznyk\\Documents\\Visual Studio 2008\\Projects\\PhilipsHue\\PhilipsHue\\bin\PhilipsHue.clz...
08/02/2017 9:27:20 AM, Info: Saving project information...
08/02/2017 9:27:31 AM, Info: Initializing SIMPLSharp Services...
08/02/2017 9:27:31 AM, Info: ProjectInfo successfully initialized.
08/02/2017 9:27:31 AM, Info: Verifying archive C:\\Users\\mklucznyk\\Documents\\Visual Studio 2008\\Projects\\PhilipsHue\\PhilipsHue\\bin\PhilipsHue.clz...
08/02/2017 9:27:32 AM, Info: Saving project information...
08/02/2017 11:15:27 AM, Info: Terminating SIMPLSharp Services
08/02/2017 11:15:27 AM, Info: Saving project information...
08/02/2017 11:15:27 AM, Info: Terminating SIMPLSharp Services
08/02/2017 11:15:27 AM, Info: Saving project information...
08/02/2017 11:15:27 AM, Info: Terminating SIMPLSharp Services
08/02/2017 11:15:27 AM, Info: Saving project information...
08/02/2017 11:15:27 AM, Info: Terminating SIMPLSharp Services
